#
# A fatal error has been detected by the Java Runtime Environment:
#
#  Internal Error (t:/workspace/open/src/hotspot/share/oops/generateOopMap.cpp:2164), pid=50688, tid=5112
#  fatal error: Illegal class file encountered. Try running with -Xverify:all in method messanger
#
# JRE version: Java(TM) SE Runtime Environment (11.0.2+9) (build 11.0.2+9-LTS)
# Java VM: Java HotSpot(TM) 64-Bit Server VM (11.0.2+9-LTS, mixed mode, tiered, compressed oops, g1 gc, windows-amd64)
# No core dump will be written. Minidumps are not enabled by default on client versions of Windows
#
# If you would like to submit a bug report, please visit:
#   http://bugreport.java.com/bugreport/crash.jsp
#

---------------  S U M M A R Y ------------

Command Line: -agentlib:jdwp=transport=dt_socket,address=127.0.0.1:60265,suspend=y,server=n -javaagent:C:\Users\d073453\.IntelliJIdea2018.2\system\captureAgent\debugger-agent.jar=file:/C:/Users/d073453/AppData/Local/Temp/capture.props -Dfile.encoding=UTF-8 com.muc.GUI

Host: Intel(R) Core(TM) i5-8350U CPU @ 1.70GHz, 8 cores, 15G,  Windows 10 , 64 bit Build 17763 (10.0.17763.475)
Time: Sun Mar 29 20:57:18 2020 W. Europe Daylight Time elapsed time: 13176 seconds (0d 3h 39m 36s)

---------------  T H R E A D  ---------------

Current thread (0x0000020dea7b6800):  VMThread "VM Thread" [stack: 0x000000ec38200000,0x000000ec38300000] [id=5112]

Stack: [0x000000ec38200000,0x000000ec38300000]
[error occurred during error reporting (printing stack bounds), id 0xc0000005, EXCEPTION_ACCESS_VIOLATION (0xc0000005) at pc=0x0000020dcea00bad]

Native frames: (J=compiled Java code, j=interpreted, Vv=VM code, C=native code)
V  [jvm.dll+0x63574a]
V  [jvm.dll+0x77326f]
V  [jvm.dll+0x77491a]
V  [jvm.dll+0x774f35]
V  [jvm.dll+0x774eeb]
V  [jvm.dll+0x634e56]
V  [jvm.dll+0x635218]
C  [ntdll.dll+0xa478f]
C  [ntdll.dll+0x4bef]
C  [ntdll.dll+0xa34fe]
C  0x0000020dcea00bad

VM_Operation (0x000000ec38bff250): GetOrSetLocal, mode: safepoint, requested by thread 0x0000020deaae0000


---------------  P R O C E S S  ---------------

Threads class SMR info:
_java_thread_list=0x0000020decbfad30, length=18, elements={
0x0000020dea7de000, 0x0000020dea7eb000, 0x0000020dea84e800, 0x0000020dea84f800,
0x0000020dea856000, 0x0000020dea802800, 0x0000020dea808800, 0x0000020dea7a0800,
0x0000020deaae0000, 0x0000020deab17000, 0x0000020deab18000, 0x0000020deac4f800,
0x0000020deae95000, 0x0000020deae96000, 0x0000020deae96800, 0x0000020deaeac800,
0x0000020dc6712000, 0x0000020ded007800
}

Java Threads: ( => current thread )
  0x0000020dea7de000 JavaThread "Reference Handler" daemon [_thread_blocked, id=47252, stack(0x000000ec38300000,0x000000ec38400000)]
  0x0000020dea7eb000 JavaThread "Finalizer" daemon [_thread_blocked, id=28684, stack(0x000000ec38400000,0x000000ec38500000)]
  0x0000020dea84e800 JavaThread "Signal Dispatcher" daemon [_thread_blocked, id=41000, stack(0x000000ec38500000,0x000000ec38600000)]
  0x0000020dea84f800 JavaThread "Attach Listener" daemon [_thread_blocked, id=63992, stack(0x000000ec38600000,0x000000ec38700000)]
  0x0000020dea856000 JavaThread "C2 CompilerThread0" daemon [_thread_blocked, id=48552, stack(0x000000ec38700000,0x000000ec38800000)]
  0x0000020dea802800 JavaThread "C1 CompilerThread0" daemon [_thread_blocked, id=49320, stack(0x000000ec38800000,0x000000ec38900000)]
  0x0000020dea808800 JavaThread "Sweeper thread" daemon [_thread_blocked, id=65928, stack(0x000000ec38900000,0x000000ec38a00000)]
  0x0000020dea7a0800 JavaThread "Common-Cleaner" daemon [_thread_blocked, id=64016, stack(0x000000ec38a00000,0x000000ec38b00000)]
  0x0000020deaae0000 JavaThread "JDWP Transport Listener: dt_socket" daemon [_thread_blocked, id=33024, stack(0x000000ec38b00000,0x000000ec38c00000)] _threads_hazard_ptr=0x0000020decbfad30
  0x0000020deab17000 JavaThread "JDWP Event Helper Thread" daemon [_thread_blocked, id=62168, stack(0x000000ec38c00000,0x000000ec38d00000)]
  0x0000020deab18000 JavaThread "JDWP Command Reader" daemon [_thread_in_native, id=64736, stack(0x000000ec38d00000,0x000000ec38e00000)]
  0x0000020deac4f800 JavaThread "Service Thread" daemon [_thread_blocked, id=62392, stack(0x000000ec38e00000,0x000000ec38f00000)]
  0x0000020deae95000 JavaThread "Java2D Disposer" daemon [_thread_blocked, id=59552, stack(0x000000ec39000000,0x000000ec39100000)]
  0x0000020deae96000 JavaThread "AWT-Shutdown" [_thread_blocked, id=51812, stack(0x000000ec39100000,0x000000ec39200000)]
  0x0000020deae96800 JavaThread "AWT-Windows" daemon [_thread_blocked, id=61144, stack(0x000000ec39200000,0x000000ec39300000)]
  0x0000020deaeac800 JavaThread "AWT-EventQueue-0" [_thread_blocked, id=3744, stack(0x000000ec39300000,0x000000ec39400000)]
  0x0000020dc6712000 JavaThread "DestroyJavaVM" [_thread_blocked, id=37204, stack(0x000000ec37c00000,0x000000ec37d00000)]
  0x0000020ded007800 JavaThread "TimerQueue" daemon [_thread_blocked, id=31924, stack(0x000000ec39700000,0x000000ec39800000)]

Other Threads:
=>0x0000020dea7b6800 VMThread "VM Thread" [stack: 0x000000ec38200000,0x000000ec38300000] [id=5112]
  0x0000020deaa5e800 WatcherThread [stack: 0x000000ec38f00000,0x000000ec39000000] [id=35060]
  0x0000020dc672f000 GCTaskThread "GC Thread#0" [stack: 0x000000ec37d00000,0x000000ec37e00000] [id=51520]
  0x0000020deb25d800 GCTaskThread "GC Thread#1" [stack: 0x000000ec39a00000,0x000000ec39b00000] [id=52968]
  0x0000020deb260000 GCTaskThread "GC Thread#2" [stack: 0x000000ec39b00000,0x000000ec39c00000] [id=58700]
  0x0000020dea96f000 GCTaskThread "GC Thread#3" [stack: 0x000000ec39c00000,0x000000ec39d00000] [id=65172]
  0x0000020dece2e000 GCTaskThread "GC Thread#4" [stack: 0x000000ec39d00000,0x000000ec39e00000] [id=20012]
  0x0000020ded1c2000 GCTaskThread "GC Thread#5" [stack: 0x000000ec39e00000,0x000000ec39f00000] [id=8700]
  0x0000020dc678b000 ConcurrentGCThread "G1 Main Marker" [stack: 0x000000ec37e00000,0x000000ec37f00000] [id=40876]
  0x0000020dc678c000 ConcurrentGCThread "G1 Conc#0" [stack: 0x000000ec37f00000,0x000000ec38000000] [id=39532]
  0x0000020de9e1e800 ConcurrentGCThread "G1 Refine#0" [stack: 0x000000ec38000000,0x000000ec38100000] [id=60020]
  0x0000020de9e1f800 ConcurrentGCThread "G1 Young RemSet Sampling" [stack: 0x000000ec38100000,0x000000ec38200000] [id=66368]

Threads with active compile tasks:

VM state:at safepoint (normal execution)

VM Mutex/Monitor currently owned by a thread:  ([mutex/lock_event])
[0x0000020dc6711660] Threads_lock - owner thread: 0x0000020dea7b6800

Heap address: 0x0000000703000000, size: 4048 MB, Compressed Oops mode: Zero based, Oop shift amount: 3
Narrow klass base: 0x0000000800000000, Narrow klass shift: 0
Compressed class space size: 1073741824 Address: 0x0000000800000000

Heap:
 garbage-first heap   total 260096K, used 9700K [0x0000000703000000, 0x0000000800000000)
  region size 1024K, 10 young (10240K), 3 survivors (3072K)
 Metaspace       used 17521K, capacity 18459K, committed 18688K, reserved 1064960K
  class space    used 2053K, capacity 2496K, committed 2560K, reserved 1048576K
Heap Regions: E=young(eden), S=young(survivor), O=old, HS=humongous(starts), HC=humongous(continues), CS=collection set, F=free, A=archive, TAMS=top-at-mark-start (previous, next)
|   0|0x0000000703000000, 0x0000000703079200, 0x0000000703100000| 47%| O|  |TAMS 0x0000000703000000, 0x0000000703000000| Untracked 
|   1|0x0000000703100000, 0x0000000703100000, 0x0000000703200000|  0%| F|  |TAMS 0x0000000703100000, 0x0000000703100000| Untracked 
|   2|0x0000000703200000, 0x0000000703200000, 0x0000000703300000|  0%| F|  |TAMS 0x0000000703200000, 0x0000000703200000| Untracked 
|   3|0x0000000703300000, 0x0000000703300000, 0x0000000703400000|  0%| F|  |TAMS 0x0000000703300000, 0x0000000703300000| Untracked 
|   4|0x0000000703400000, 0x0000000703400000, 0x0000000703500000|  0%| F|  |TAMS 0x0000000703400000, 0x0000000703400000| Untracked 
|   5|0x0000000703500000, 0x0000000703500000, 0x0000000703600000|  0%| F|  |TAMS 0x0000000703500000, 0x0000000703500000| Untracked 
|   6|0x0000000703600000, 0x0000000703600000, 0x0000000703700000|  0%| F|  |TAMS 0x0000000703600000, 0x0000000703600000| Untracked 
|   7|0x0000000703700000, 0x0000000703700000, 0x0000000703800000|  0%| F|  |TAMS 0x0000000703700000, 0x0000000703700000| Untracked 
|   8|0x0000000703800000, 0x0000000703800000, 0x0000000703900000|  0%| F|  |TAMS 0x0000000703800000, 0x0000000703800000| Untracked 
|   9|0x0000000703900000, 0x0000000703900000, 0x0000000703a00000|  0%| F|  |TAMS 0x0000000703900000, 0x0000000703900000| Untracked 
|  10|0x0000000703a00000, 0x0000000703a00000, 0x0000000703b00000|  0%| F|  |TAMS 0x0000000703a00000, 0x0000000703a00000| Untracked 
|  11|0x0000000703b00000, 0x0000000703b00000, 0x0000000703c00000|  0%| F|  |TAMS 0x0000000703b00000, 0x0000000703b00000| Untracked 
|  12|0x0000000703c00000, 0x0000000703c00000, 0x0000000703d00000|  0%| F|  |TAMS 0x0000000703c00000, 0x0000000703c00000| Untracked 
|  13|0x0000000703d00000, 0x0000000703d00000, 0x0000000703e00000|  0%| F|  |TAMS 0x0000000703d00000, 0x0000000703d00000| Untracked 
|  14|0x0000000703e00000, 0x0000000703e00000, 0x0000000703f00000|  0%| F|  |TAMS 0x0000000703e00000, 0x0000000703e00000| Untracked 
|  15|0x0000000703f00000, 0x0000000703f00000, 0x0000000704000000|  0%| F|  |TAMS 0x0000000703f00000, 0x0000000703f00000| Untracked 
|  16|0x0000000704000000, 0x0000000704000000, 0x0000000704100000|  0%| F|  |TAMS 0x0000000704000000, 0x0000000704000000| Untracked 
|  17|0x0000000704100000, 0x0000000704100000, 0x0000000704200000|  0%| F|  |TAMS 0x0000000704100000, 0x0000000704100000| Untracked 
|  18|0x0000000704200000, 0x0000000704200000, 0x0000000704300000|  0%| F|  |TAMS 0x0000000704200000, 0x0000000704200000| Untracked 
|  19|0x0000000704300000, 0x0000000704300000, 0x0000000704400000|  0%| F|  |TAMS 0x0000000704300000, 0x0000000704300000| Untracked 
|  20|0x0000000704400000, 0x0000000704400000, 0x0000000704500000|  0%| F|  |TAMS 0x0000000704400000, 0x0000000704400000| Untracked 
|  21|0x0000000704500000, 0x0000000704500000, 0x0000000704600000|  0%| F|  |TAMS 0x0000000704500000, 0x0000000704500000| Untracked 
|  22|0x0000000704600000, 0x0000000704600000, 0x0000000704700000|  0%| F|  |TAMS 0x0000000704600000, 0x0000000704600000| Untracked 
|  23|0x0000000704700000, 0x0000000704700000, 0x0000000704800000|  0%| F|  |TAMS 0x0000000704700000, 0x0000000704700000| Untracked 
|  24|0x0000000704800000, 0x0000000704800000, 0x0000000704900000|  0%| F|  |TAMS 0x0000000704800000, 0x0000000704800000| Untracked 
|  25|0x0000000704900000, 0x0000000704900000, 0x0000000704a00000|  0%| F|  |TAMS 0x0000000704900000, 0x0000000704900000| Untracked 
|  26|0x0000000704a00000, 0x0000000704a00000, 0x0000000704b00000|  0%| F|  |TAMS 0x0000000704a00000, 0x0000000704a00000| Untracked 
|  27|0x0000000704b00000, 0x0000000704b00000, 0x0000000704c00000|  0%| F|  |TAMS 0x0000000704b00000, 0x0000000704b00000| Untracked 
|  28|0x0000000704c00000, 0x0000000704c00000, 0x0000000704d00000|  0%| F|  |TAMS 0x0000000704c00000, 0x0000000704c00000| Untracked 
|  29|0x0000000704d00000, 0x0000000704d00000, 0x0000000704e00000|  0%| F|  |TAMS 0x0000000704d00000, 0x0000000704d00000| Untracked 
|  30|0x0000000704e00000, 0x0000000704e00000, 0x0000000704f00000|  0%| F|  |TAMS 0x0000000704e00000, 0x0000000704e00000| Untracked 
|  31|0x0000000704f00000, 0x0000000704f00000, 0x0000000705000000|  0%| F|  |TAMS 0x0000000704f00000, 0x0000000704f00000| Untracked 
|  32|0x0000000705000000, 0x0000000705000000, 0x0000000705100000|  0%| F|  |TAMS 0x0000000705000000, 0x0000000705000000| Untracked 
|  33|0x0000000705100000, 0x0000000705100000, 0x0000000705200000|  0%| F|  |TAMS 0x0000000705100000, 0x0000000705100000| Untracked 
|  34|0x0000000705200000, 0x0000000705200000, 0x0000000705300000|  0%| F|  |TAMS 0x0000000705200000, 0x0000000705200000| Untracked 
|  35|0x0000000705300000, 0x0000000705300000, 0x0000000705400000|  0%| F|  |TAMS 0x0000000705300000, 0x0000000705300000| Untracked 
|  36|0x0000000705400000, 0x0000000705400000, 0x0000000705500000|  0%| F|  |TAMS 0x0000000705400000, 0x0000000705400000| Untracked 
|  37|0x0000000705500000, 0x0000000705500000, 0x0000000705600000|  0%| F|  |TAMS 0x0000000705500000, 0x0000000705500000| Untracked 
|  38|0x0000000705600000, 0x0000000705600000, 0x0000000705700000|  0%| F|  |TAMS 0x0000000705600000, 0x0000000705600000| Untracked 
|  39|0x0000000705700000, 0x0000000705700000, 0x0000000705800000|  0%| F|  |TAMS 0x0000000705700000, 0x0000000705700000| Untracked 
|  40|0x0000000705800000, 0x0000000705800000, 0x0000000705900000|  0%| F|  |TAMS 0x0000000705800000, 0x0000000705800000| Untracked 
|  41|0x0000000705900000, 0x0000000705900000, 0x0000000705a00000|  0%| F|  |TAMS 0x0000000705900000, 0x0000000705900000| Untracked 
|  42|0x0000000705a00000, 0x0000000705a00000, 0x0000000705b00000|  0%| F|  |TAMS 0x0000000705a00000, 0x0000000705a00000| Untracked 
|  43|0x0000000705b00000, 0x0000000705b00000, 0x0000000705c00000|  0%| F|  |TAMS 0x0000000705b00000, 0x0000000705b00000| Untracked 
|  44|0x0000000705c00000, 0x0000000705c00000, 0x0000000705d00000|  0%| F|  |TAMS 0x0000000705c00000, 0x0000000705c00000| Untracked 
|  45|0x0000000705d00000, 0x0000000705d00000, 0x0000000705e00000|  0%| F|  |TAMS 0x0000000705d00000, 0x0000000705d00000| Untracked 
|  46|0x0000000705e00000, 0x0000000705e00000, 0x0000000705f00000|  0%| F|  |TAMS 0x0000000705e00000, 0x0000000705e00000| Untracked 
|  47|0x0000000705f00000, 0x0000000705f00000, 0x0000000706000000|  0%| F|  |TAMS 0x0000000705f00000, 0x0000000705f00000| Untracked 
|  48|0x0000000706000000, 0x0000000706000000, 0x0000000706100000|  0%| F|  |TAMS 0x0000000706000000, 0x0000000706000000| Untracked 
|  49|0x0000000706100000, 0x0000000706100000, 0x0000000706200000|  0%| F|  |TAMS 0x0000000706100000, 0x0000000706100000| Untracked 
|  50|0x0000000706200000, 0x0000000706200000, 0x0000000706300000|  0%| F|  |TAMS 0x0000000706200000, 0x0000000706200000| Untracked 
|  51|0x0000000706300000, 0x0000000706300000, 0x0000000706400000|  0%| F|  |TAMS 0x0000000706300000, 0x0000000706300000| Untracked 
|  52|0x0000000706400000, 0x0000000706400000, 0x0000000706500000|  0%| F|  |TAMS 0x0000000706400000, 0x0000000706400000| Untracked 
|  53|0x0000000706500000, 0x0000000706500000, 0x0000000706600000|  0%| F|  |TAMS 0x0000000706500000, 0x0000000706500000| Untracked 
|  54|0x0000000706600000, 0x0000000706600000, 0x0000000706700000|  0%| F|  |TAMS 0x0000000706600000, 0x0000000706600000| Untracked 
|  55|0x0000000706700000, 0x0000000706700000, 0x0000000706800000|  0%| F|  |TAMS 0x0000000706700000, 0x0000000706700000| Untracked 
|  56|0x0000000706800000, 0x0000000706800000, 0x0000000706900000|  0%| F|  |TAMS 0x0000000706800000, 0x0000000706800000| Untracked 
|  57|0x0000000706900000, 0x0000000706900000, 0x0000000706a00000|  0%| F|  |TAMS 0x0000000706900000, 0x0000000706900000| Untracked 
|  58|0x0000000706a00000, 0x0000000706a00000, 0x0000000706b00000|  0%| F|  |TAMS 0x0000000706a00000, 0x0000000706a00000| Untracked 
|  59|0x0000000706b00000, 0x0000000706b00000, 0x0000000706c00000|  0%| F|  |TAMS 0x0000000706b00000, 0x0000000706b00000| Untracked 
|  60|0x0000000706c00000, 0x0000000706c00000, 0x0000000706d00000|  0%| F|  |TAMS 0x0000000706c00000, 0x0000000706c00000| Untracked 
|  61|0x0000000706d00000, 0x0000000706d00000, 0x0000000706e00000|  0%| F|  |TAMS 0x0000000706d00000, 0x0000000706d00000| Untracked 
|  62|0x0000000706e00000, 0x0000000706e00000, 0x0000000706f00000|  0%| F|  |TAMS 0x0000000706e00000, 0x0000000706e00000| Untracked 
|  63|0x0000000706f00000, 0x0000000706f00000, 0x0000000707000000|  0%| F|  |TAMS 0x0000000706f00000, 0x0000000706f00000| Untracked 
|  64|0x0000000707000000, 0x0000000707000000, 0x0000000707100000|  0%| F|  |TAMS 0x0000000707000000, 0x0000000707000000| Untracked 
|  65|0x0000000707100000, 0x0000000707100000, 0x0000000707200000|  0%| F|  |TAMS 0x0000000707100000, 0x0000000707100000| Untracked 
|  66|0x0000000707200000, 0x0000000707200000, 0x0000000707300000|  0%| F|  |TAMS 0x0000000707200000, 0x0000000707200000| Untracked 
|  67|0x0000000707300000, 0x0000000707300000, 0x0000000707400000|  0%| F|  |TAMS 0x0000000707300000, 0x0000000707300000| Untracked 
|  68|0x0000000707400000, 0x0000000707400000, 0x0000000707500000|  0%| F|  |TAMS 0x0000000707400000, 0x0000000707400000| Untracked 
|  69|0x0000000707500000, 0x0000000707500000, 0x0000000707600000|  0%| F|  |TAMS 0x0000000707500000, 0x0000000707500000| Untracked 
|  70|0x0000000707600000, 0x0000000707600000, 0x0000000707700000|  0%| F|  |TAMS 0x0000000707600000, 0x0000000707600000| Untracked 
|  71|0x0000000707700000, 0x0000000707700000, 0x0000000707800000|  0%| F|  |TAMS 0x0000000707700000, 0x0000000707700000| Untracked 
|  72|0x0000000707800000, 0x0000000707800000, 0x0000000707900000|  0%| F|  |TAMS 0x0000000707800000, 0x0000000707800000| Untracked 
|  73|0x0000000707900000, 0x0000000707900000, 0x0000000707a00000|  0%| F|  |TAMS 0x0000000707900000, 0x0000000707900000| Untracked 
|  74|0x0000000707a00000, 0x0000000707a00000, 0x0000000707b00000|  0%| F|  |TAMS 0x0000000707a00000, 0x0000000707a00000| Untracked 
|  75|0x0000000707b00000, 0x0000000707b00000, 0x0000000707c00000|  0%| F|  |TAMS 0x0000000707b00000, 0x0000000707b00000| Untracked 
|  76|0x0000000707c00000, 0x0000000707c00000, 0x0000000707d00000|  0%| F|  |TAMS 0x0000000707c00000, 0x0000000707c00000| Untracked 
|  77|0x0000000707d00000, 0x0000000707d00000, 0x0000000707e00000|  0%| F|  |TAMS 0x0000000707d00000, 0x0000000707d00000| Untracked 
|  78|0x0000000707e00000, 0x0000000707e00000, 0x0000000707f00000|  0%| F|  |TAMS 0x0000000707e00000, 0x0000000707e00000| Untracked 
|  79|0x0000000707f00000, 0x0000000707f00000, 0x0000000708000000|  0%| F|  |TAMS 0x0000000707f00000, 0x0000000707f00000| Untracked 
|  80|0x0000000708000000, 0x0000000708000000, 0x0000000708100000|  0%| F|  |TAMS 0x0000000708000000, 0x0000000708000000| Untracked 
|  81|0x0000000708100000, 0x0000000708100000, 0x0000000708200000|  0%| F|  |TAMS 0x0000000708100000, 0x0000000708100000| Untracked 
|  82|0x0000000708200000, 0x0000000708200000, 0x0000000708300000|  0%| F|  |TAMS 0x0000000708200000, 0x0000000708200000| Untracked 
|  83|0x0000000708300000, 0x0000000708300000, 0x0000000708400000|  0%| F|  |TAMS 0x0000000708300000, 0x0000000708300000| Untracked 
|  84|0x0000000708400000, 0x0000000708400000, 0x0000000708500000|  0%| F|  |TAMS 0x0000000708400000, 0x0000000708400000| Untracked 
|  85|0x0000000708500000, 0x0000000708500000, 0x0000000708600000|  0%| F|  |TAMS 0x0000000708500000, 0x0000000708500000| Untracked 
|  86|0x0000000708600000, 0x0000000708600000, 0x0000000708700000|  0%| F|  |TAMS 0x0000000708600000, 0x0000000708600000| Untracked 
|  87|0x0000000708700000, 0x0000000708700000, 0x0000000708800000|  0%| F|  |TAMS 0x0000000708700000, 0x0000000708700000| Untracked 
|  88|0x0000000708800000, 0x0000000708800000, 0x0000000708900000|  0%| F|  |TAMS 0x0000000708800000, 0x0000000708800000| Untracked 
|  89|0x0000000708900000, 0x0000000708900000, 0x0000000708a00000|  0%| F|  |TAMS 0x0000000708900000, 0x0000000708900000| Untracked 
|  90|0x0000000708a00000, 0x0000000708a00000, 0x0000000708b00000|  0%| F|  |TAMS 0x0000000708a00000, 0x0000000708a00000| Untracked 
|  91|0x0000000708b00000, 0x0000000708b00000, 0x0000000708c00000|  0%| F|  |TAMS 0x0000000708b00000, 0x0000000708b00000| Untracked 
|  92|0x0000000708c00000, 0x0000000708c00000, 0x0000000708d00000|  0%| F|  |TAMS 0x0000000708c00000, 0x0000000708c00000| Untracked 
|  93|0x0000000708d00000, 0x0000000708d00000, 0x0000000708e00000|  0%| F|  |TAMS 0x0000000708d00000, 0x0000000708d00000| Untracked 
|  94|0x0000000708e00000, 0x0000000708e00000, 0x0000000708f00000|  0%| F|  |TAMS 0x0000000708e00000, 0x0000000708e00000| Untracked 
|  95|0x0000000708f00000, 0x0000000708f00000, 0x0000000709000000|  0%| F|  |TAMS 0x0000000708f00000, 0x0000000708f00000| Untracked 
|  96|0x0000000709000000, 0x0000000709000000, 0x0000000709100000|  0%| F|  |TAMS 0x0000000709000000, 0x0000000709000000| Untracked 
|  97|0x0000000709100000, 0x0000000709100000, 0x0000000709200000|  0%| F|  |TAMS 0x0000000709100000, 0x0000000709100000| Untracked 
|  98|0x0000000709200000, 0x0000000709200000, 0x0000000709300000|  0%| F|  |TAMS 0x0000000709200000, 0x0000000709200000| Untracked 
|  99|0x0000000709300000, 0x0000000709300000, 0x0000000709400000|  0%| F|  |TAMS 0x0000000709300000, 0x0000000709300000| Untracked 
| 100|0x0000000709400000, 0x0000000709400000, 0x0000000709500000|  0%| F|  |TAMS 0x0000000709400000, 0x0000000709400000| Untracked 
| 101|0x0000000709500000, 0x0000000709500000, 0x0000000709600000|  0%| F|  |TAMS 0x0000000709500000, 0x0000000709500000| Untracked 
| 102|0x0000000709600000, 0x0000000709600000, 0x0000000709700000|  0%| F|  |TAMS 0x0000000709600000, 0x0000000709600000| Untracked 
| 103|0x0000000709700000, 0x0000000709700000, 0x0000000709800000|  0%| F|  |TAMS 0x0000000709700000, 0x0000000709700000| Untracked 
| 104|0x0000000709800000, 0x0000000709800000, 0x0000000709900000|  0%| F|  |TAMS 0x0000000709800000, 0x0000000709800000| Untracked 
| 105|0x0000000709900000, 0x0000000709900000, 0x0000000709a00000|  0%| F|  |TAMS 0x0000000709900000, 0x0000000709900000| Untracked 
| 106|0x0000000709a00000, 0x0000000709a00000, 0x0000000709b00000|  0%| F|  |TAMS 0x0000000709a00000, 0x0000000709a00000| Untracked 
| 107|0x0000000709b00000, 0x0000000709b00000, 0x0000000709c00000|  0%| F|  |TAMS 0x0000000709b00000, 0x0000000709b00000| Untracked 
| 108|0x0000000709c00000, 0x0000000709c00000, 0x0000000709d00000|  0%| F|  |TAMS 0x0000000709c00000, 0x0000000709c00000| Untracked 
| 109|0x0000000709d00000, 0x0000000709d00000, 0x0000000709e00000|  0%| F|  |TAMS 0x0000000709d00000, 0x0000000709d00000| Untracked 
| 110|0x0000000709e00000, 0x0000000709e00000, 0x0000000709f00000|  0%| F|  |TAMS 0x0000000709e00000, 0x0000000709e00000| Untracked 
| 111|0x0000000709f00000, 0x0000000709f00000, 0x000000070a000000|  0%| F|  |TAMS 0x0000000709f00000, 0x0000000709f00000| Untracked 
| 112|0x000000070a000000, 0x000000070a000000, 0x000000070a100000|  0%| F|  |TAMS 0x000000070a000000, 0x000000070a000000| Untracked 
| 113|0x000000070a100000, 0x000000070a100000, 0x000000070a200000|  0%| F|  |TAMS 0x000000070a100000, 0x000000070a100000| Untracked 
| 114|0x000000070a200000, 0x000000070a200000, 0x000000070a300000|  0%| F|  |TAMS 0x000000070a200000, 0x000000070a200000| Untracked 
| 115|0x000000070a300000, 0x000000070a300000, 0x000000070a400000|  0%| F|  |TAMS 0x000000070a300000, 0x000000070a300000| Untracked 
| 116|0x000000070a400000, 0x000000070a400000, 0x000000070a500000|  0%| F|  |TAMS 0x000000070a400000, 0x000000070a400000| Untracked 
| 117|0x000000070a500000, 0x000000070a500000, 0x000000070a600000|  0%| F|  |TAMS 0x000000070a500000, 0x000000070a500000| Untracked 
| 118|0x000000070a600000, 0x000000070a600000, 0x000000070a700000|  0%| F|  |TAMS 0x000000070a600000, 0x000000070a600000| Untracked 
| 119|0x000000070a700000, 0x000000070a700000, 0x000000070a800000|  0%| F|  |TAMS 0x000000070a700000, 0x000000070a700000| Untracked 
| 120|0x000000070a800000, 0x000000070a800000, 0x000000070a900000|  0%| F|  |TAMS 0x000000070a800000, 0x000000070a800000| Untracked 
| 121|0x000000070a900000, 0x000000070a900000, 0x000000070aa00000|  0%| F|  |TAMS 0x000000070a900000, 0x000000070a900000| Untracked 
| 122|0x000000070aa00000, 0x000000070aa00000, 0x000000070ab00000|  0%| F|  |TAMS 0x000000070aa00000, 0x000000070aa00000| Untracked 
| 123|0x000000070ab00000, 0x000000070ab00000, 0x000000070ac00000|  0%| F|  |TAMS 0x000000070ab00000, 0x000000070ab00000| Untracked 
| 124|0x000000070ac00000, 0x000000070ac00000, 0x000000070ad00000|  0%| F|  |TAMS 0x000000070ac00000, 0x000000070ac00000| Untracked 
| 125|0x000000070ad00000, 0x000000070ad00000, 0x000000070ae00000|  0%| F|  |TAMS 0x000000070ad00000, 0x000000070ad00000| Untracked 
| 126|0x000000070ae00000, 0x000000070ae00000, 0x000000070af00000|  0%| F|  |TAMS 0x000000070ae00000, 0x000000070ae00000| Untracked 
| 127|0x000000070af00000, 0x000000070af00000, 0x000000070b000000|  0%| F|  |TAMS 0x000000070af00000, 0x000000070af00000| Untracked 
| 128|0x000000070b000000, 0x000000070b000000, 0x000000070b100000|  0%| F|  |TAMS 0x000000070b000000, 0x000000070b000000| Untracked 
| 129|0x000000070b100000, 0x000000070b100000, 0x000000070b200000|  0%| F|  |TAMS 0x000000070b100000, 0x000000070b100000| Untracked 
| 130|0x000000070b200000, 0x000000070b200000, 0x000000070b300000|  0%| F|  |TAMS 0x000000070b200000, 0x000000070b200000| Untracked 
| 131|0x000000070b300000, 0x000000070b300000, 0x000000070b400000|  0%| F|  |TAMS 0x000000070b300000, 0x000000070b300000| Untracked 
| 132|0x000000070b400000, 0x000000070b400000, 0x000000070b500000|  0%| F|  |TAMS 0x000000070b400000, 0x000000070b400000| Untracked 
| 133|0x000000070b500000, 0x000000070b500000, 0x000000070b600000|  0%| F|  |TAMS 0x000000070b500000, 0x000000070b500000| Untracked 
| 134|0x000000070b600000, 0x000000070b600000, 0x000000070b700000|  0%| F|  |TAMS 0x000000070b600000, 0x000000070b600000| Untracked 
| 135|0x000000070b700000, 0x000000070b700000, 0x000000070b800000|  0%| F|  |TAMS 0x000000070b700000, 0x000000070b700000| Untracked 
| 136|0x000000070b800000, 0x000000070b800000, 0x000000070b900000|  0%| F|  |TAMS 0x000000070b800000, 0x000000070b800000| Untracked 
| 137|0x000000070b900000, 0x000000070b900000, 0x000000070ba00000|  0%| F|  |TAMS 0x000000070b900000, 0x000000070b900000| Untracked 
| 138|0x000000070ba00000, 0x000000070ba00000, 0x000000070bb00000|  0%| F|  |TAMS 0x000000070ba00000, 0x000000070ba00000| Untracked 
| 139|0x000000070bb00000, 0x000000070bb00000, 0x000000070bc00000|  0%| F|  |TAMS 0x000000070bb00000, 0x000000070bb00000| Untracked 
| 140|0x000000070bc00000, 0x000000070bc00000, 0x000000070bd00000|  0%| F|  |TAMS 0x000000070bc00000, 0x000000070bc00000| Untracked 
| 141|0x000000070bd00000, 0x000000070bd00000, 0x000000070be00000|  0%| F|  |TAMS 0x000000070bd00000, 0x000000070bd00000| Untracked 
| 142|0x000000070be00000, 0x000000070be00000, 0x000000070bf00000|  0%| F|  |TAMS 0x000000070be00000, 0x000000070be00000| Untracked 
| 143|0x000000070bf00000, 0x000000070bf00000, 0x000000070c000000|  0%| F|  |TAMS 0x000000070bf00000, 0x000000070bf00000| Untracked 
| 144|0x000000070c000000, 0x000000070c000000, 0x000000070c100000|  0%| F|  |TAMS 0x000000070c000000, 0x000000070c000000| Untracked 
| 145|0x000000070c100000, 0x000000070c100000, 0x000000070c200000|  0%| F|  |TAMS 0x000000070c100000, 0x000000070c100000| Untracked 
| 146|0x000000070c200000, 0x000000070c200000, 0x000000070c300000|  0%| F|  |TAMS 0x000000070c200000, 0x000000070c200000| Untracked 
| 147|0x000000070c300000, 0x000000070c300000, 0x000000070c400000|  0%| F|  |TAMS 0x000000070c300000, 0x000000070c300000| Untracked 
| 148|0x000000070c400000, 0x000000070c400000, 0x000000070c500000|  0%| F|  |TAMS 0x000000070c400000, 0x000000070c400000| Untracked 
| 149|0x000000070c500000, 0x000000070c500000, 0x000000070c600000|  0%| F|  |TAMS 0x000000070c500000, 0x000000070c500000| Untracked 
| 150|0x000000070c600000, 0x000000070c600000, 0x000000070c700000|  0%| F|  |TAMS 0x000000070c600000, 0x000000070c600000| Untracked 
| 151|0x000000070c700000, 0x000000070c700000, 0x000000070c800000|  0%| F|  |TAMS 0x000000070c700000, 0x000000070c700000| Untracked 
| 152|0x000000070c800000, 0x000000070c800000, 0x000000070c900000|  0%| F|  |TAMS 0x000000070c800000, 0x000000070c800000| Untracked 
| 153|0x000000070c900000, 0x000000070c900000, 0x000000070ca00000|  0%| F|  |TAMS 0x000000070c900000, 0x000000070c900000| Untracked 
| 154|0x000000070ca00000, 0x000000070ca00000, 0x000000070cb00000|  0%| F|  |TAMS 0x000000070ca00000, 0x000000070ca00000| Untracked 
| 155|0x000000070cb00000, 0x000000070cb00000, 0x000000070cc00000|  0%| F|  |TAMS 0x000000070cb00000, 0x000000070cb00000| Untracked 
| 156|0x000000070cc00000, 0x000000070cc00000, 0x000000070cd00000|  0%| F|  |TAMS 0x000000070cc00000, 0x000000070cc00000| Untracked 
| 157|0x000000070cd00000, 0x000000070cd00000, 0x000000070ce00000|  0%| F|  |TAMS 0x000000070cd00000, 0x000000070cd00000| Untracked 
| 158|0x000000070ce00000, 0x000000070ce00000, 0x000000070cf00000|  0%| F|  |TAMS 0x000000070ce00000, 0x000000070ce00000| Untracked 
| 159|0x000000070cf00000, 0x000000070cf00000, 0x000000070d000000|  0%| F|  |TAMS 0x000000070cf00000, 0x000000070cf00000| Untracked 
| 160|0x000000070d000000, 0x000000070d000000, 0x000000070d100000|  0%| F|  |TAMS 0x000000070d000000, 0x000000070d000000| Untracked 
| 161|0x000000070d100000, 0x000000070d100000, 0x000000070d200000|  0%| F|  |TAMS 0x000000070d100000, 0x000000070d100000| Untracked 
| 162|0x000000070d200000, 0x000000070d200000, 0x000000070d300000|  0%| F|  |TAMS 0x000000070d200000, 0x000000070d200000| Untracked 
| 163|0x000000070d300000, 0x000000070d300000, 0x000000070d400000|  0%| F|  |TAMS 0x000000070d300000, 0x000000070d300000| Untracked 
| 164|0x000000070d400000, 0x000000070d400000, 0x000000070d500000|  0%| F|  |TAMS 0x000000070d400000, 0x000000070d400000| Untracked 
| 165|0x000000070d500000, 0x000000070d500000, 0x000000070d600000|  0%| F|  |TAMS 0x000000070d500000, 0x000000070d500000| Untracked 
| 166|0x000000070d600000, 0x000000070d600000, 0x000000070d700000|  0%| F|  |TAMS 0x000000070d600000, 0x000000070d600000| Untracked 
| 167|0x000000070d700000, 0x000000070d700000, 0x000000070d800000|  0%| F|  |TAMS 0x000000070d700000, 0x000000070d700000| Untracked 
| 168|0x000000070d800000, 0x000000070d800000, 0x000000070d900000|  0%| F|  |TAMS 0x000000070d800000, 0x000000070d800000| Untracked 
| 169|0x000000070d900000, 0x000000070d900000, 0x000000070da00000|  0%| F|  |TAMS 0x000000070d900000, 0x000000070d900000| Untracked 
| 170|0x000000070da00000, 0x000000070da00000, 0x000000070db00000|  0%| F|  |TAMS 0x000000070da00000, 0x000000070da00000| Untracked 
| 171|0x000000070db00000, 0x000000070db00000, 0x000000070dc00000|  0%| F|  |TAMS 0x000000070db00000, 0x000000070db00000| Untracked 
| 172|0x000000070dc00000, 0x000000070dc00000, 0x000000070dd00000|  0%| F|  |TAMS 0x000000070dc00000, 0x000000070dc00000| Untracked 
| 173|0x000000070dd00000, 0x000000070dd00000, 0x000000070de00000|  0%| F|  |TAMS 0x000000070dd00000, 0x000000070dd00000| Untracked 
| 174|0x000000070de00000, 0x000000070de00000, 0x000000070df00000|  0%| F|  |TAMS 0x000000070de00000, 0x000000070de00000| Untracked 
| 175|0x000000070df00000, 0x000000070df00000, 0x000000070e000000|  0%| F|  |TAMS 0x000000070df00000, 0x000000070df00000| Untracked 
| 176|0x000000070e000000, 0x000000070e000000, 0x000000070e100000|  0%| F|  |TAMS 0x000000070e000000, 0x000000070e000000| Untracked 
| 177|0x000000070e100000, 0x000000070e100000, 0x000000070e200000|  0%| F|  |TAMS 0x000000070e100000, 0x000000070e100000| Untracked 
| 178|0x000000070e200000, 0x000000070e200000, 0x000000070e300000|  0%| F|  |TAMS 0x000000070e200000, 0x000000070e200000| Untracked 
| 179|0x000000070e300000, 0x000000070e300000, 0x000000070e400000|  0%| F|  |TAMS 0x000000070e300000, 0x000000070e300000| Untracked 
| 180|0x000000070e400000, 0x000000070e400000, 0x000000070e500000|  0%| F|  |TAMS 0x000000070e400000, 0x000000070e400000| Untracked 
| 181|0x000000070e500000, 0x000000070e500000, 0x000000070e600000|  0%| F|  |TAMS 0x000000070e500000, 0x000000070e500000| Untracked 
| 182|0x000000070e600000, 0x000000070e600000, 0x000000070e700000|  0%| F|  |TAMS 0x000000070e600000, 0x000000070e600000| Untracked 
| 183|0x000000070e700000, 0x000000070e700000, 0x000000070e800000|  0%| F|  |TAMS 0x000000070e700000, 0x000000070e700000| Untracked 
| 184|0x000000070e800000, 0x000000070e800000, 0x000000070e900000|  0%| F|  |TAMS 0x000000070e800000, 0x000000070e800000| Untracked 
| 185|0x000000070e900000, 0x000000070e900000, 0x000000070ea00000|  0%| F|  |TAMS 0x000000070e900000, 0x000000070e900000| Untracked 
| 186|0x000000070ea00000, 0x000000070ea00000, 0x000000070eb00000|  0%| F|  |TAMS 0x000000070ea00000, 0x000000070ea00000| Untracked 
| 187|0x000000070eb00000, 0x000000070eb00000, 0x000000070ec00000|  0%| F|  |TAMS 0x000000070eb00000, 0x000000070eb00000| Untracked 
| 188|0x000000070ec00000, 0x000000070ec00000, 0x000000070ed00000|  0%| F|  |TAMS 0x000000070ec00000, 0x000000070ec00000| Untracked 
| 189|0x000000070ed00000, 0x000000070ed00000, 0x000000070ee00000|  0%| F|  |TAMS 0x000000070ed00000, 0x000000070ed00000| Untracked 
| 190|0x000000070ee00000, 0x000000070ee00000, 0x000000070ef00000|  0%| F|  |TAMS 0x000000070ee00000, 0x000000070ee00000| Untracked 
| 191|0x000000070ef00000, 0x000000070ef00000, 0x000000070f000000|  0%| F|  |TAMS 0x000000070ef00000, 0x000000070ef00000| Untracked 
| 192|0x000000070f000000, 0x000000070f000000, 0x000000070f100000|  0%| F|  |TAMS 0x000000070f000000, 0x000000070f000000| Untracked 
| 193|0x000000070f100000, 0x000000070f100000, 0x000000070f200000|  0%| F|  |TAMS 0x000000070f100000, 0x000000070f100000| Untracked 
| 194|0x000000070f200000, 0x000000070f200000, 0x000000070f300000|  0%| F|  |TAMS 0x000000070f200000, 0x000000070f200000| Untracked 
| 195|0x000000070f300000, 0x000000070f300000, 0x000000070f400000|  0%| F|  |TAMS 0x000000070f300000, 0x000000070f300000| Untracked 
| 196|0x000000070f400000, 0x000000070f400000, 0x000000070f500000|  0%| F|  |TAMS 0x000000070f400000, 0x000000070f400000| Untracked 
| 197|0x000000070f500000, 0x000000070f500000, 0x000000070f600000|  0%| F|  |TAMS 0x000000070f500000, 0x000000070f500000| Untracked 
| 198|0x000000070f600000, 0x000000070f600000, 0x000000070f700000|  0%| F|  |TAMS 0x000000070f600000, 0x000000070f600000| Untracked 
| 199|0x000000070f700000, 0x000000070f700000, 0x000000070f800000|  0%| F|  |TAMS 0x000000070f700000, 0x000000070f700000| Untracked 
| 200|0x000000070f800000, 0x000000070f800000, 0x000000070f900000|  0%| F|  |TAMS 0x000000070f800000, 0x000000070f800000| Untracked 
| 201|0x000000070f900000, 0x000000070f900000, 0x000000070fa00000|  0%| F|  |TAMS 0x000000070f900000, 0x000000070f900000| Untracked 
| 202|0x000000070fa00000, 0x000000070fa00000, 0x000000070fb00000|  0%| F|  |TAMS 0x000000070fa00000, 0x000000070fa00000| Untracked 
| 203|0x000000070fb00000, 0x000000070fb00000, 0x000000070fc00000|  0%| F|  |TAMS 0x000000070fb00000, 0x000000070fb00000| Untracked 
| 204|0x000000070fc00000, 0x000000070fc00000, 0x000000070fd00000|  0%| F|  |TAMS 0x000000070fc00000, 0x000000070fc00000| Untracked 
| 205|0x000000070fd00000, 0x000000070fd00000, 0x000000070fe00000|  0%| F|  |TAMS 0x000000070fd00000, 0x000000070fd00000| Untracked 
| 206|0x000000070fe00000, 0x000000070fe00000, 0x000000070ff00000|  0%| F|  |TAMS 0x000000070fe00000, 0x000000070fe00000| Untracked 
| 207|0x000000070ff00000, 0x000000070ff00000, 0x0000000710000000|  0%| F|  |TAMS 0x000000070ff00000, 0x000000070ff00000| Untracked 
| 208|0x0000000710000000, 0x0000000710000000, 0x0000000710100000|  0%| F|  |TAMS 0x0000000710000000, 0x0000000710000000| Untracked 
| 209|0x0000000710100000, 0x0000000710100000, 0x0000000710200000|  0%| F|  |TAMS 0x0000000710100000, 0x0000000710100000| Untracked 
| 210|0x0000000710200000, 0x0000000710200000, 0x0000000710300000|  0%| F|  |TAMS 0x0000000710200000, 0x0000000710200000| Untracked 
| 211|0x0000000710300000, 0x0000000710300000, 0x0000000710400000|  0%| F|  |TAMS 0x0000000710300000, 0x0000000710300000| Untracked 
| 212|0x0000000710400000, 0x0000000710400000, 0x0000000710500000|  0%| F|  |TAMS 0x0000000710400000, 0x0000000710400000| Untracked 
| 213|0x0000000710500000, 0x0000000710500000, 0x0000000710600000|  0%| F|  |TAMS 0x0000000710500000, 0x0000000710500000| Untracked 
| 214|0x0000000710600000, 0x0000000710600000, 0x0000000710700000|  0%| F|  |TAMS 0x0000000710600000, 0x0000000710600000| Untracked 
| 215|0x0000000710700000, 0x0000000710700000, 0x0000000710800000|  0%| F|  |TAMS 0x0000000710700000, 0x0000000710700000| Untracked 
| 216|0x0000000710800000, 0x0000000710800000, 0x0000000710900000|  0%| F|  |TAMS 0x0000000710800000, 0x0000000710800000| Untracked 
| 217|0x0000000710900000, 0x0000000710900000, 0x0000000710a00000|  0%| F|  |TAMS 0x0000000710900000, 0x0000000710900000| Untracked 
| 218|0x0000000710a00000, 0x0000000710a00000, 0x0000000710b00000|  0%| F|  |TAMS 0x0000000710a00000, 0x0000000710a00000| Untracked 
| 219|0x0000000710b00000, 0x0000000710b00000, 0x0000000710c00000|  0%| F|  |TAMS 0x0000000710b00000, 0x0000000710b00000| Untracked 
| 220|0x0000000710c00000, 0x0000000710c00000, 0x0000000710d00000|  0%| F|  |TAMS 0x0000000710c00000, 0x0000000710c00000| Untracked 
| 221|0x0000000710d00000, 0x0000000710d00000, 0x0000000710e00000|  0%| F|  |TAMS 0x0000000710d00000, 0x0000000710d00000| Untracked 
| 222|0x0000000710e00000, 0x0000000710e00000, 0x0000000710f00000|  0%| F|  |TAMS 0x0000000710e00000, 0x0000000710e00000| Untracked 
| 223|0x0000000710f00000, 0x0000000710f00000, 0x0000000711000000|  0%| F|  |TAMS 0x0000000710f00000, 0x0000000710f00000| Untracked 
| 224|0x0000000711000000, 0x0000000711000000, 0x0000000711100000|  0%| F|  |TAMS 0x0000000711000000, 0x0000000711000000| Untracked 
| 225|0x0000000711100000, 0x0000000711100000, 0x0000000711200000|  0%| F|  |TAMS 0x0000000711100000, 0x0000000711100000| Untracked 
| 226|0x0000000711200000, 0x0000000711200000, 0x0000000711300000|  0%| F|  |TAMS 0x0000000711200000, 0x0000000711200000| Untracked 
| 227|0x0000000711300000, 0x0000000711400000, 0x0000000711400000|100%| S|CS|TAMS 0x0000000711300000, 0x0000000711300000| Complete 
| 228|0x0000000711400000, 0x0000000711500000, 0x0000000711500000|100%| S|CS|TAMS 0x0000000711400000, 0x0000000711400000| Complete 
| 229|0x0000000711500000, 0x0000000711600000, 0x0000000711600000|100%| S|CS|TAMS 0x0000000711500000, 0x0000000711500000| Complete 
| 230|0x0000000711600000, 0x0000000711600000, 0x0000000711700000|  0%| F|  |TAMS 0x0000000711600000, 0x0000000711600000| Untracked 
| 231|0x0000000711700000, 0x0000000711700000, 0x0000000711800000|  0%| F|  |TAMS 0x0000000711700000, 0x0000000711700000| Untracked 
| 232|0x0000000711800000, 0x0000000711800000, 0x0000000711900000|  0%| F|  |TAMS 0x0000000711800000, 0x0000000711800000| Untracked 
| 233|0x0000000711900000, 0x0000000711900000, 0x0000000711a00000|  0%| F|  |TAMS 0x0000000711900000, 0x0000000711900000| Untracked 
| 234|0x0000000711a00000, 0x0000000711a00000, 0x0000000711b00000|  0%| F|  |TAMS 0x0000000711a00000, 0x0000000711a00000| Untracked 
| 235|0x0000000711b00000, 0x0000000711b00000, 0x0000000711c00000|  0%| F|  |TAMS 0x0000000711b00000, 0x0000000711b00000| Untracked 
| 236|0x0000000711c00000, 0x0000000711c00000, 0x0000000711d00000|  0%| F|  |TAMS 0x0000000711c00000, 0x0000000711c00000| Untracked 
| 237|0x0000000711d00000, 0x0000000711d00000, 0x0000000711e00000|  0%| F|  |TAMS 0x0000000711d00000, 0x0000000711d00000| Untracked 
| 238|0x0000000711e00000, 0x0000000711e00000, 0x0000000711f00000|  0%| F|  |TAMS 0x0000000711e00000, 0x0000000711e00000| Untracked 
| 239|0x0000000711f00000, 0x0000000711f00000, 0x0000000712000000|  0%| F|  |TAMS 0x0000000711f00000, 0x0000000711f00000| Untracked 
| 240|0x0000000712000000, 0x0000000712000000, 0x0000000712100000|  0%| F|  |TAMS 0x0000000712000000, 0x0000000712000000| Untracked 
| 241|0x0000000712100000, 0x0000000712100000, 0x0000000712200000|  0%| F|  |TAMS 0x0000000712100000, 0x0000000712100000| Untracked 
| 242|0x0000000712200000, 0x0000000712200000, 0x0000000712300000|  0%| F|  |TAMS 0x0000000712200000, 0x0000000712200000| Untracked 
| 243|0x0000000712300000, 0x0000000712300000, 0x0000000712400000|  0%| F|  |TAMS 0x0000000712300000, 0x0000000712300000| Untracked 
| 244|0x0000000712400000, 0x0000000712400000, 0x0000000712500000|  0%| F|  |TAMS 0x0000000712400000, 0x0000000712400000| Untracked 
| 245|0x0000000712500000, 0x0000000712500000, 0x0000000712600000|  0%| F|  |TAMS 0x0000000712500000, 0x0000000712500000| Untracked 
| 246|0x0000000712600000, 0x0000000712600000, 0x0000000712700000|  0%| F|  |TAMS 0x0000000712600000, 0x0000000712600000| Untracked 
| 247|0x0000000712700000, 0x0000000712800000, 0x0000000712800000|100%| E|  |TAMS 0x0000000712700000, 0x0000000712700000| Complete 
| 248|0x0000000712800000, 0x0000000712900000, 0x0000000712900000|100%| E|CS|TAMS 0x0000000712800000, 0x0000000712800000| Complete 
| 249|0x0000000712900000, 0x0000000712a00000, 0x0000000712a00000|100%| E|CS|TAMS 0x0000000712900000, 0x0000000712900000| Complete 
| 250|0x0000000712a00000, 0x0000000712b00000, 0x0000000712b00000|100%| E|CS|TAMS 0x0000000712a00000, 0x0000000712a00000| Complete 
| 251|0x0000000712b00000, 0x0000000712c00000, 0x0000000712c00000|100%| E|CS|TAMS 0x0000000712b00000, 0x0000000712b00000| Complete 
| 252|0x0000000712c00000, 0x0000000712d00000, 0x0000000712d00000|100%| E|CS|TAMS 0x0000000712c00000, 0x0000000712c00000| Complete 
| 253|0x0000000712d00000, 0x0000000712e00000, 0x0000000712e00000|100%| E|CS|TAMS 0x0000000712d00000, 0x0000000712d00000| Complete 

Card table byte_map: [0x0000020dde520000,0x0000020dded10000] _byte_map_base: 0x0000020ddad08000

Marking Bits (Prev, Next): (CMBitMap*) 0x0000020dc677a478, (CMBitMap*) 0x0000020dc677a4b0
 Prev Bits: [0x0000020ddf500000, 0x0000020de3440000)
 Next Bits: [0x0000020de3440000, 0x0000020de7380000)

Polling page: 0x0000020dc5aa0000

Metaspace:

Usage:
  Non-class:     15.59 MB capacity,    15.11 MB ( 97%) used,   387.55 KB (  2%) free+waste,   107.06 KB ( <1%) overhead. 
      Class:      2.44 MB capacity,     2.01 MB ( 82%) used,   386.73 KB ( 15%) free+waste,    56.00 KB (  2%) overhead. 
       Both:     18.03 MB capacity,    17.11 MB ( 95%) used,   774.28 KB (  4%) free+waste,   163.06 KB ( <1%) overhead. 

Virtual space:
  Non-class space:       16.00 MB reserved,      15.75 MB ( 98%) committed 
      Class space:        1.00 GB reserved,       2.50 MB ( <1%) committed 
             Both:        1.02 GB reserved,      18.25 MB (  2%) committed 

Chunk freelists:
   Non-Class:  0 bytes
       Class:  0 bytes
        Both:  0 bytes

CodeHeap 'non-profiled nmethods': size=120000Kb used=786Kb max_used=786Kb free=119213Kb
 bounds [0x0000020dd64d0000, 0x0000020dd6740000, 0x0000020ddda00000]
CodeHeap 'profiled nmethods': size=120000Kb used=2230Kb max_used=2230Kb free=117769Kb
 bounds [0x0000020dcefa0000, 0x0000020dcf210000, 0x0000020dd64d0000]
CodeHeap 'non-nmethods': size=5760Kb used=1368Kb max_used=1420Kb free=4391Kb
 bounds [0x0000020dcea00000, 0x0000020dcec70000, 0x0000020dcefa0000]
 total_blobs=2223 nmethods=1291 adapters=596
 compilation: enabled
              stopped_count=0, restarted_count=0
 full_count=0

Compilation events (10 events):
Event: 29.486 Thread 0x0000020dea802800 1293       3       java.util.concurrent.TimeUnit::toNanos (45 bytes)
Event: 29.486 Thread 0x0000020dea802800 nmethod 1293 0x0000020dcefa1310 code [0x0000020dcefa14c0, 0x0000020dcefa1738]
Event: 31.604 Thread 0x0000020dea802800 1298       3       java.lang.invoke.VarHandleGuards::guard_LLL_Z (70 bytes)
Event: 31.605 Thread 0x0000020dea802800 nmethod 1298 0x0000020dcf1cc190 code [0x0000020dcf1cc440, 0x0000020dcf1cd590]
Event: 31.606 Thread 0x0000020dea802800 1299       3       java.lang.invoke.VarHandleObjects$FieldInstanceReadWrite::compareAndSet (38 bytes)
Event: 31.606 Thread 0x0000020dea802800 nmethod 1299 0x0000020dcf1cdb90 code [0x0000020dcf1cde20, 0x0000020dcf1ce870]
Event: 31.774 Thread 0x0000020dea802800 1301       3       java.util.concurrent.locks.AbstractQueuedSynchronizer$Node::setPrevRelaxed (9 bytes)
Event: 31.774 Thread 0x0000020dea802800 nmethod 1301 0x0000020dcf1ced10 code [0x0000020dcf1cef80, 0x0000020dcf1cf840]
Event: 31.774 Thread 0x0000020dea802800 1302       3       java.util.concurrent.locks.AbstractQueuedSynchronizer::compareAndSetTail (10 bytes)
Event: 31.776 Thread 0x0000020dea802800 nmethod 1302 0x0000020dcf1cfc10 code [0x0000020dcf1cfec0, 0x0000020dcf1d0ac0]

GC Heap History (2 events):
Event: 13.306 GC heap before
{Heap before GC invocations=0 (full 0):
 garbage-first heap   total 260096K, used 23552K [0x0000000703000000, 0x0000000800000000)
  region size 1024K, 24 young (24576K), 0 survivors (0K)
 Metaspace       used 16939K, capacity 17650K, committed 17920K, reserved 1064960K
  class space    used 1912K, capacity 2238K, committed 2304K, reserved 1048576K
}
Event: 13.674 GC heap after
{Heap after GC invocations=1 (full 0):
 garbage-first heap   total 260096K, used 3556K [0x0000000703000000, 0x0000000800000000)
  region size 1024K, 3 young (3072K), 3 survivors (3072K)
 Metaspace       used 16939K, capacity 17650K, committed 17920K, reserved 1064960K
  class space    used 1912K, capacity 2238K, committed 2304K, reserved 1048576K
}

Deoptimization events (10 events):
Event: 2.807 Thread 0x0000020deaeac800 Uncommon trap: reason=class_check action=maybe_recompile pc=0x0000020dd651fbfc method=java.util.HashMap.getNode(ILjava/lang/Object;)Ljava/util/HashMap$Node; @ 59 c2
Event: 2.807 Thread 0x0000020deaeac800 Uncommon trap: reason=class_check action=maybe_recompile pc=0x0000020dd651fbfc method=java.util.HashMap.getNode(ILjava/lang/Object;)Ljava/util/HashMap$Node; @ 59 c2
Event: 2.808 Thread 0x0000020deaeac800 Uncommon trap: reason=class_check action=maybe_recompile pc=0x0000020dd651fbfc method=java.util.HashMap.getNode(ILjava/lang/Object;)Ljava/util/HashMap$Node; @ 59 c2
Event: 10.300 Thread 0x0000020deaeac800 Uncommon trap: reason=class_check action=maybe_recompile pc=0x0000020dd64da66c method=java.lang.String.equals(Ljava/lang/Object;)Z @ 8 c2
Event: 10.300 Thread 0x0000020deaeac800 Uncommon trap: reason=class_check action=maybe_recompile pc=0x0000020dd64da66c method=java.lang.String.equals(Ljava/lang/Object;)Z @ 8 c2
Event: 11.784 Thread 0x0000020deaeac800 Uncommon trap: reason=class_check action=maybe_recompile pc=0x0000020dd6525ec0 method=java.util.HashMap.getNode(ILjava/lang/Object;)Ljava/util/HashMap$Node; @ 126 c2
Event: 13.006 Thread 0x0000020deaeac800 Uncommon trap: reason=unstable_if action=reinterpret pc=0x0000020dd652e190 method=java.lang.invoke.InvokerBytecodeGenerator.loadInsnOpcode(Ljava/lang/invoke/LambdaForm$BasicType;)I @ 8 c2
Event: 13.007 Thread 0x0000020deaeac800 Uncommon trap: reason=unstable_if action=reinterpret pc=0x0000020dd651110c method=jdk.internal.org.objectweb.asm.Frame.execute(IILjdk/internal/org/objectweb/asm/ClassWriter;Ljdk/internal/org/objectweb/asm/Item;)V @ 1 c2
Event: 13.693 Thread 0x0000020deaeac800 Uncommon trap: reason=unstable_if action=reinterpret pc=0x0000020dd651b214 method=java.lang.ref.ReferenceQueue.poll()Ljava/lang/ref/Reference; @ 4 c2
Event: 13.896 Thread 0x0000020deaeac800 Uncommon trap: reason=intrinsic_or_type_checked_inlining action=make_not_entrant pc=0x0000020dd656b554 method=java.util.Arrays.copyOf([Ljava/lang/Object;ILjava/lang/Class;)[Ljava/lang/Object; @ 35 c2

Classes redefined (9 events):
Event: 125.900 Thread 0x0000020dea7b6800 redefined class name=com.muc.GUI$enterServerButtonListener, count=1
Event: 125.906 Thread 0x0000020dea7b6800 redefined class name=com.muc.GUI, count=1
Event: 125.912 Thread 0x0000020dea7b6800 redefined class name=com.muc.GUI$1, count=1
Event: 196.220 Thread 0x0000020dea7b6800 redefined class name=com.muc.GUI$enterServerButtonListener, count=2
Event: 196.227 Thread 0x0000020dea7b6800 redefined class name=com.muc.GUI, count=2
Event: 196.233 Thread 0x0000020dea7b6800 redefined class name=com.muc.GUI$1, count=2
Event: 13176.683 Thread 0x0000020dea7b6800 redefined class name=com.muc.GUI$enterServerButtonListener, count=3
Event: 13176.691 Thread 0x0000020dea7b6800 redefined class name=com.muc.GUI, count=3
Event: 13176.699 Thread 0x0000020dea7b6800 redefined class name=com.muc.GUI$1, count=3

Internal exceptions (10 events):
Event: 28.900 Thread 0x0000020deaeac800 Exception <a 'java/lang/NoSuchMethodError'{0x0000000712905288}: java.lang.invoke.Invokers$Holder.linkToTargetMethod(Ljava/lang/Object;IIILjava/lang/Object;)Ljava/lang/Object;> (0x0000000712905288) thrown at [t:/workspace/open/src/hotspot/share/interpreter
Event: 29.164 Thread 0x0000020deaeac800 Exception <a 'java/lang/NoSuchMethodError'{0x00000007129874f0}: java.lang.invoke.DelegatingMethodHandle$Holder.reinvoke_L(Ljava/lang/Object;Ljava/lang/Object;IILjava/lang/Object;Ljava/lang/Object;Ljava/lang/Object;Ljava/lang/Object;Ljava/lang/Object;Ljava
Event: 29.360 Thread 0x0000020deaeac800 Exception <a 'java/lang/NoSuchMethodError'{0x00000007129ec4f8}: java.lang.invoke.DirectMethodHandle$Holder.invokeSpecial(Ljava/lang/Object;Ljava/lang/Object;IILjava/lang/Object;Ljava/lang/Object;Ljava/lang/Object;Ljava/lang/Object;Ljava/lang/Object;Ljava/
Event: 29.365 Thread 0x0000020deaeac800 Exception <a 'java/lang/NoSuchMethodError'{0x00000007129f0618}: java.lang.invoke.DelegatingMethodHandle$Holder.reinvoke_L(Ljava/lang/Object;IILjava/lang/Object;Ljava/lang/Object;Ljava/lang/Object;Ljava/lang/Object;Ljava/lang/Object;Ljava/lang/Object;Ljava
Event: 29.474 Thread 0x0000020deaeac800 Exception <a 'java/lang/NoSuchMethodError'{0x0000000712837a58}: java.lang.invoke.DirectMethodHandle$Holder.invokeSpecial(Ljava/lang/Object;Ljava/lang/Object;Ljava/lang/Object;Ljava/lang/Object;Ljava/lang/Object;Ljava/lang/Object;Ljava/lang/Object;Ljava/la
Event: 29.486 Thread 0x0000020deaeac800 Exception <a 'java/lang/NoSuchMethodError'{0x000000071283fd98}: java.lang.invoke.Invokers$Holder.linkToTargetMethod(Ljava/lang/Object;Ljava/lang/Object;Ljava/lang/Object;Ljava/lang/Object;Ljava/lang/Object;Ljava/lang/Object;Ljava/lang/Object;Ljava/lang/Ob
Event: 29.643 Thread 0x0000020deaeac800 Exception <a 'java/lang/NoSuchMethodError'{0x00000007128ae7d8}: java.lang.invoke.DirectMethodHandle$Holder.invokeSpecial(Ljava/lang/Object;Ljava/lang/Object;IILjava/lang/Object;IILjava/lang/Object;Ljava/lang/Object;)Ljava/lang/Object;> (0x00000007128ae7d8
Event: 29.646 Thread 0x0000020deaeac800 Exception <a 'java/lang/NoSuchMethodError'{0x00000007128b2130}: java.lang.invoke.DelegatingMethodHandle$Holder.reinvoke_L(Ljava/lang/Object;IILjava/lang/Object;IILjava/lang/Object;Ljava/lang/Object;)Ljava/lang/Object;> (0x00000007128b2130) thrown at [t:/w
Event: 29.787 Thread 0x0000020deaeac800 Exception <a 'java/lang/NoSuchMethodError'{0x00000007128fd3b0}: java.lang.invoke.DirectMethodHandle$Holder.invokeSpecial(Ljava/lang/Object;Ljava/lang/Object;Ljava/lang/Object;IILjava/lang/Object;Ljava/lang/Object;)Ljava/lang/Object;> (0x00000007128fd3b0) 
Event: 29.797 Thread 0x0000020deaeac800 Exception <a 'java/lang/NoSuchMethodError'{0x0000000712704818}: java.lang.invoke.Invokers$Holder.linkToTargetMethod(Ljava/lang/Object;IILjava/lang/Object;Ljava/lang/Object;Ljava/lang/Object;)Ljava/lang/Object;> (0x0000000712704818) thrown at [t:/workspace

Events (10 events):
Event: 13176.732 Executing VM operation: RedefineClasses done
Event: 13176.734 Executing VM operation: GetFrameCount
Event: 13176.736 Executing VM operation: GetFrameCount done
Event: 13176.736 Executing VM operation: GetFrameCount
Event: 13176.737 Executing VM operation: GetFrameCount done
Event: 13176.737 Executing VM operation: GetStackTrace
Event: 13176.737 Executing VM operation: GetStackTrace done
Event: 13176.739 Executing VM operation: GetFrameLocation
Event: 13176.739 Executing VM operation: GetFrameLocation done
Event: 13176.739 Executing VM operation: GetOrSetLocal


Dynamic libraries:
0x00007ff73fcd0000 - 0x00007ff73fd17000 	C:\Program Files\Java\jdk-11.0.2\bin\java.exe
0x00007ff8352d0000 - 0x00007ff8354bd000 	C:\WINDOWS\SYSTEM32\ntdll.dll
0x00007ff832ef0000 - 0x00007ff832fa3000 	C:\WINDOWS\System32\KERNEL32.DLL
0x00007ff8321f0000 - 0x00007ff832483000 	C:\WINDOWS\System32\KERNELBASE.dll
0x00007ff832a80000 - 0x00007ff832b23000 	C:\WINDOWS\System32\ADVAPI32.dll
0x00007ff8335d0000 - 0x00007ff83366e000 	C:\WINDOWS\System32\msvcrt.dll
0x00007ff835200000 - 0x00007ff83529e000 	C:\WINDOWS\System32\sechost.dll
0x00007ff834df0000 - 0x00007ff834f12000 	C:\WINDOWS\System32\RPCRT4.dll
0x00007ff832d50000 - 0x00007ff832ee7000 	C:\WINDOWS\System32\USER32.dll
0x00007ff831660000 - 0x00007ff831680000 	C:\WINDOWS\System32\win32u.dll
0x00007ff8324f0000 - 0x00007ff832519000 	C:\WINDOWS\System32\GDI32.dll
0x00007ff831fb0000 - 0x00007ff832149000 	C:\WINDOWS\System32\gdi32full.dll
0x00007ff831590000 - 0x00007ff831630000 	C:\WINDOWS\System32\msvcp_win.dll
0x00007ff8313e0000 - 0x00007ff8314da000 	C:\WINDOWS\System32\ucrtbase.dll
0x00007ff826290000 - 0x00007ff826509000 	C:\WINDOWS\WinSxS\amd64_microsoft.windows.common-controls_6595b64144ccf1df_6.0.17763.1098_none_de762ed45346ee8a\COMCTL32.dll
0x00007ff82aa70000 - 0x00007ff82aa7a000 	C:\WINDOWS\SYSTEM32\VERSION.dll
0x00007ff833120000 - 0x00007ff83344c000 	C:\WINDOWS\System32\combase.dll
0x00007ff832170000 - 0x00007ff8321ee000 	C:\WINDOWS\System32\bcryptPrimitives.dll
0x00007ff834d30000 - 0x00007ff834d5e000 	C:\WINDOWS\System32\IMM32.DLL
0x00007ff82bb70000 - 0x00007ff82bc22000 	C:\Program Files\McAfee\Endpoint Security\Threat Prevention\Ips\EpMPApi.dll
0x00007ff832490000 - 0x00007ff8324e9000 	C:\WINDOWS\System32\WINTRUST.dll
0x00007ff831370000 - 0x00007ff831382000 	C:\WINDOWS\System32\MSASN1.dll
0x00007ff831680000 - 0x00007ff83185c000 	C:\WINDOWS\System32\CRYPT32.dll
0x000000006fa30000 - 0x000000006fa3c000 	C:\Program Files\McAfee\Endpoint Security\Threat Prevention\Ips\EpMPThe.dll
0x00007ff81e7e0000 - 0x00007ff81e816000 	C:\Program Files\McAfee\Endpoint Security\Threat Prevention\Ips\HIPHandlers64.dll
0x00007ff8334b0000 - 0x00007ff833502000 	C:\WINDOWS\System32\SHLWAPI.dll
0x00007ff82a190000 - 0x00007ff82a1a6000 	C:\Program Files\Java\jdk-11.0.2\bin\vcruntime140.dll
0x00007ff804480000 - 0x00007ff80452a000 	C:\Program Files\Java\jdk-11.0.2\bin\msvcp140.dll
0x00007fffa48e0000 - 0x00007fffa5407000 	C:\Program Files\Java\jdk-11.0.2\bin\server\jvm.dll
0x00007ff82a510000 - 0x00007ff82a534000 	C:\WINDOWS\SYSTEM32\WINMM.dll
0x00007ff82a3a0000 - 0x00007ff82a3a9000 	C:\WINDOWS\SYSTEM32\WSOCK32.dll
0x00007ff832c60000 - 0x00007ff832ccd000 	C:\WINDOWS\System32\WS2_32.dll
0x00007ff82a4a0000 - 0x00007ff82a4cd000 	C:\WINDOWS\SYSTEM32\WINMMBASE.dll
0x00007ff831390000 - 0x00007ff8313da000 	C:\WINDOWS\System32\cfgmgr32.dll
0x00007ff8329a0000 - 0x00007ff8329a8000 	C:\WINDOWS\System32\PSAPI.DLL
0x00007ff8312f0000 - 0x00007ff831301000 	C:\WINDOWS\System32\kernel.appcore.dll
0x00007ff826a90000 - 0x00007ff826aa1000 	C:\Program Files\Java\jdk-11.0.2\bin\verify.dll
0x00007ff82f9c0000 - 0x00007ff82fbad000 	C:\WINDOWS\SYSTEM32\DBGHELP.DLL
0x00007ff829c80000 - 0x00007ff829caa000 	C:\WINDOWS\SYSTEM32\dbgcore.DLL
0x00007ff824050000 - 0x00007ff824079000 	C:\Program Files\Java\jdk-11.0.2\bin\java.dll
0x00007ff812c40000 - 0x00007ff812c77000 	C:\Program Files\Java\jdk-11.0.2\bin\jdwp.dll
0x00007ff80b6c0000 - 0x00007ff80b6ef000 	C:\Program Files\Java\jdk-11.0.2\bin\instrument.dll
0x00007ff826a70000 - 0x00007ff826a86000 	C:\Program Files\Java\jdk-11.0.2\bin\zip.dll
0x00007ff82e480000 - 0x00007ff82e48a000 	C:\Program Files\Java\jdk-11.0.2\bin\jimage.dll
0x00007ff8337d0000 - 0x00007ff834cc4000 	C:\WINDOWS\System32\SHELL32.dll
0x00007ff8329b0000 - 0x00007ff832a58000 	C:\WINDOWS\System32\shcore.dll
0x00007ff831860000 - 0x00007ff831fad000 	C:\WINDOWS\System32\windows.storage.dll
0x00007ff8312c0000 - 0x00007ff8312e4000 	C:\WINDOWS\System32\profapi.dll
0x00007ff831310000 - 0x00007ff83136d000 	C:\WINDOWS\System32\powrprof.dll
0x00007ff832150000 - 0x00007ff832167000 	C:\WINDOWS\System32\cryptsp.dll
0x00007ff82e340000 - 0x00007ff82e34a000 	C:\Program Files\Java\jdk-11.0.2\bin\dt_socket.dll
0x00007ff830a80000 - 0x00007ff830ae7000 	C:\WINDOWS\system32\mswsock.dll
0x00007ff826930000 - 0x00007ff826949000 	C:\Program Files\Java\jdk-11.0.2\bin\net.dll
0x00007ff82e7d0000 - 0x00007ff82e8c2000 	C:\WINDOWS\SYSTEM32\WINHTTP.dll
0x00007ff826df0000 - 0x00007ff826fc7000 	C:\WINDOWS\SYSTEM32\urlmon.dll
0x00007ff826510000 - 0x00007ff8267b8000 	C:\WINDOWS\SYSTEM32\iertutil.dll
0x00007ff830c00000 - 0x00007ff830c0c000 	C:\WINDOWS\SYSTEM32\CRYPTBASE.DLL
0x00007ff81f1b0000 - 0x00007ff81f1c3000 	C:\Program Files\Java\jdk-11.0.2\bin\nio.dll
0x00007fffd6510000 - 0x00007fffd66af000 	C:\Program Files\Java\jdk-11.0.2\bin\awt.dll
0x00007ff834f80000 - 0x00007ff835044000 	C:\WINDOWS\System32\OLEAUT32.dll
0x00007ff8247f0000 - 0x00007ff824dae000 	C:\WINDOWS\SYSTEM32\d2d1.dll
0x00007ff8257e0000 - 0x00007ff82586c000 	C:\WINDOWS\SYSTEM32\apphelp.dll
0x00007ff82f230000 - 0x00007ff82f2cc000 	C:\WINDOWS\system32\uxtheme.dll
0x00007ff832fb0000 - 0x00007ff83311b000 	C:\WINDOWS\System32\MSCTF.dll
0x00007ff82f330000 - 0x00007ff82f35e000 	C:\WINDOWS\system32\dwmapi.dll
0x00007ff833670000 - 0x00007ff8337c5000 	C:\WINDOWS\System32\ole32.dll
0x00007ffff7830000 - 0x00007ffff7957000 	C:\WINDOWS\system32\opengl32.dll
0x00007ffff7270000 - 0x00007ffff729c000 	C:\WINDOWS\SYSTEM32\GLU32.dll
0x00007fffd7840000 - 0x00007fffd78c0000 	C:\Program Files\Java\jdk-11.0.2\bin\freetype.dll
0x00007ff809540000 - 0x00007ff8095af000 	C:\Program Files\Java\jdk-11.0.2\bin\fontmanager.dll
0x00007ff833520000 - 0x00007ff8335c2000 	C:\WINDOWS\System32\clbcatq.dll
0x00007ff82eeb0000 - 0x00007ff82f068000 	C:\WINDOWS\SYSTEM32\WindowsCodecs.dll
0x00007ffff6fa0000 - 0x00007ffff6ff6000 	C:\WINDOWS\system32\dataexchange.dll
0x00007ff82cec0000 - 0x00007ff82d13e000 	C:\WINDOWS\system32\d3d11.dll
0x00007ff824db0000 - 0x00007ff824f73000 	C:\WINDOWS\system32\dcomp.dll
0x00007ff82fd50000 - 0x00007ff82fe12000 	C:\WINDOWS\system32\dxgi.dll
0x00007ff82f410000 - 0x00007ff82f61d000 	C:\WINDOWS\system32\twinapi.appcore.dll
0x00007ff82f620000 - 0x00007ff82f648000 	C:\WINDOWS\system32\RMCLIENT.dll
0x00007ff81d360000 - 0x00007ff81d3f5000 	C:\WINDOWS\System32\TextInputFramework.dll
0x00007ff823a00000 - 0x00007ff823d22000 	C:\WINDOWS\System32\CoreUIComponents.dll
0x00007ff8242a0000 - 0x00007ff824382000 	C:\WINDOWS\System32\CoreMessaging.dll
0x00007ff830060000 - 0x00007ff830091000 	C:\WINDOWS\SYSTEM32\ntmarta.dll
0x00007ff82d140000 - 0x00007ff82d293000 	C:\WINDOWS\SYSTEM32\wintypes.dll
0x00007fffff410000 - 0x00007fffff47c000 	C:\WINDOWS\system32\Oleacc.dll

dbghelp: loaded successfully - version: 4.0.5 - missing functions: none
symbol engine: initialized successfully - sym options: 0x614 - pdb path: .;C:\Program Files\Java\jdk-11.0.2\bin;C:\WINDOWS\SYSTEM32;C:\WINDOWS\WinSxS\amd64_microsoft.windows.common-controls_6595b64144ccf1df_6.0.17763.1098_none_de762ed45346ee8a;C:\Program Files\McAfee\Endpoint Security\Threat Prevention\Ips;C:\Program Files\Java\jdk-11.0.2\bin\server

VM Arguments:
jvm_args: -agentlib:jdwp=transport=dt_socket,address=127.0.0.1:60265,suspend=y,server=n -javaagent:C:\Users\d073453\.IntelliJIdea2018.2\system\captureAgent\debugger-agent.jar=file:/C:/Users/d073453/AppData/Local/Temp/capture.props -Dfile.encoding=UTF-8 
java_command: com.muc.GUI
java_class_path (initial): C:\Users\d073453\Documents\01-DHBW\TP4\Verteilte Systeme\chat_app\out\production\ChatClient;C:\Program Files\JetBrains\IntelliJ IDEA 2018.2.4\lib\idea_rt.jar
Launcher Type: SUN_STANDARD

[Global flags]
     intx CICompilerCount                          = 4                                         {product} {ergonomic}
     uint ConcGCThreads                            = 2                                         {product} {ergonomic}
     uint G1ConcRefinementThreads                  = 8                                         {product} {ergonomic}
   size_t G1HeapRegionSize                         = 1048576                                   {product} {ergonomic}
    uintx GCDrainStackTargetSize                   = 64                                        {product} {ergonomic}
   size_t InitialHeapSize                          = 266338304                                 {product} {ergonomic}
   size_t MarkStackSize                            = 4194304                                   {product} {ergonomic}
   size_t MaxHeapSize                              = 4244635648                                {product} {ergonomic}
   size_t MaxNewSize                               = 2545942528                                {product} {ergonomic}
   size_t MinHeapDeltaBytes                        = 1048576                                   {product} {ergonomic}
    uintx NonNMethodCodeHeapSize                   = 5835340                                {pd product} {ergonomic}
    uintx NonProfiledCodeHeapSize                  = 122911450                              {pd product} {ergonomic}
    uintx ProfiledCodeHeapSize                     = 122911450                              {pd product} {ergonomic}
    uintx ReservedCodeCacheSize                    = 251658240                              {pd product} {ergonomic}
     bool SegmentedCodeCache                       = true                                      {product} {ergonomic}
     bool UseCompressedClassPointers               = true                                 {lp64_product} {ergonomic}
     bool UseCompressedOops                        = true                                 {lp64_product} {ergonomic}
     bool UseG1GC                                  = true                                      {product} {ergonomic}
     bool UseLargePagesIndividualAllocation        = false                                  {pd product} {ergonomic}

Logging:
Log output configuration:
 #0: stdout all=warning uptime,level,tags
 #1: stderr all=off uptime,level,tags

Environment Variables:
JAVA_HOME=C:\Program Files\Java\jdk1.8.0_181
PATH=C:\Python27\;C:\Python27\Scripts;C:\Perl64\site\bin;C:\Perl64\bin;C:\ProgramData\DockerDesktop\version-bin;C:\Program Files\Docker\Docker\Resources\bin;C:\Program Files (x86)\Common Files\Oracle\Java\javapath;C:\WINDOWS\system32;C:\WINDOWS;C:\WINDOWS\System32\Wbem;C:\WINDOWS\System32\WindowsPowerShell\v1.0\;C:\Program Files\Git\cmd;C:\Program Files\Git\mingw64\bin;C:\Program Files\Git\usr\bin;C:\Users\d073453\Downloads\MavenEntzippt\apache-maven-3.5.4\bin;C:\Users\d073453\AppData\Roaming\Cloud Foundry;C:\WINDOWS\System32\OpenSSH\;C:\bin;C:\xampp\php;C:\composer;C:\Program Files\PostgreSQL\12\bin;C:\Users\d073453\Documents\01-DHBW\TP3\DB2\Redis\redis-stable;C:\Program Files\Perforce\;C:\Program Files\Microsoft SQL Server\130\Tools\Binn\;C:\Program Files\PuTTY\;C:\Program Files\nodejs\;C:\ProgramData\chocolatey\bin;C:\Users\d073453\AppData\Local\Continuum\anaconda3;C:\Users\d073453\AppData\Local\Continuum\anaconda3\Library\mingw-w64\bin;C:\Users\d073453\AppData\Local\Continuum\anaconda3\Library\usr\bin;C:\Users\d073453\AppData\Local\Continuum\anaconda3\Library\bin;C:\Users\d073453\AppData\Local\Continuum\anaconda3\Scripts;C:\Users\d073453\AppData\Local\Programs\Python\Python36\Scripts\;C:\Users\d073453\AppData\Local\Programs\Python\Python36\;C:\Program Files (x86)\Common Files\Oracle\Java\javapath;C:\WINDOWS\system32;C:\WINDOWS;C:\WINDOWS\System32\Wbem;C:\WINDOWS\System32\WindowsPowerShell\v1.0\;C:\Program Files\Git\cmd;C:\Program Files\Git\mingw64\bin;C:\Program Files\Git\usr\bin;C:\Users\d073453\Downloads\MavenEntzippt\apache-maven-3.5.4\bin;C:\Program Files\PuTTY\;C:\Users\d073453\AppData\Local\Microsoft\WindowsApps;C:\Users\d073453\AppData\Local\atom\bin;PATH_TO_ANACONDA;PATH_TO_PYTHON;C:\Users\d073453\AppData\Local\GitHubDesktop\bin;C:\Users\d073453\AppData\Local\Programs\MiKTeX 2.9\miktex\bin\x64\;C:\Users\d073453\AppData\Local\Microsoft\WindowsApps;C:\Users\d073453\AppData\Local\Programs\Microsoft VS Code\bin;C:\Grandle\gradle-5.6.2\bin;C:\Users\d073453\AppDa
USERNAME=D073453
OS=Windows_NT
PROCESSOR_IDENTIFIER=Intel64 Family 6 Model 142 Stepping 10, GenuineIntel



---------------  S Y S T E M  ---------------

OS: Windows 10 , 64 bit Build 17763 (10.0.17763.475)

CPU:total 8 (initial active 8) (4 cores per cpu, 2 threads per core) family 6 model 142 stepping 10, cmov, cx8, fxsr, mmx, sse, sse2, sse3, ssse3, sse4.1, sse4.2, popcnt, avx, avx2, aes, clmul, erms, rtm, 3dnowpref, lzcnt, ht, tsc, tscinvbit, bmi1, bmi2, adx, fma

Memory: 4k page, system-wide physical 16190M (1890M free)
TotalPageFile size 56296M (AvailPageFile size 8210M)
current process WorkingSet (physical memory assigned to process): 28M, peak: 136M
current process commit charge ("private bytes"): 362M, peak: 401M

vm_info: Java HotSpot(TM) 64-Bit Server VM (11.0.2+9-LTS) for windows-amd64 JRE (11.0.2+9-LTS), built on Jan 18 2019 05:24:10 by "mach5one" with MS VC++ 15.5 (VS2017)

END.
