#
# There is insufficient memory for the Java Runtime Environment to continue.
# Native memory allocation (malloc) failed to allocate 32744 bytes for ChunkPool::allocate
# Possible reasons:
#   The system is out of physical RAM or swap space
#   The process is running with CompressedOops enabled, and the Java Heap may be blocking the growth of the native heap
# Possible solutions:
#   Reduce memory load on the system
#   Increase physical memory or swap space
#   Check if swap backing store is full
#   Decrease Java heap size (-Xmx/-Xms)
#   Decrease number of Java threads
#   Decrease Java thread stack sizes (-Xss)
#   Set larger code cache with -XX:ReservedCodeCacheSize=
#   JVM is running with Zero Based Compressed Oops mode in which the Java heap is
#     placed in the first 32GB address space. The Java Heap base address is the
#     maximum limit for the native heap growth. Please use -XX:HeapBaseMinAddress
#     to set the Java Heap base and to place the Java Heap above 32GB virtual address.
# This output file may be truncated or incomplete.
#
#  Out of Memory Error (t:/workspace/open/src/hotspot/share/memory/arena.cpp:81), pid=37596, tid=50064
#
# JRE version: Java(TM) SE Runtime Environment (11.0.2+9) (build 11.0.2+9-LTS)
# Java VM: Java HotSpot(TM) 64-Bit Server VM (11.0.2+9-LTS, mixed mode, tiered, compressed oops, g1 gc, windows-amd64)
# No core dump will be written. Minidumps are not enabled by default on client versions of Windows
#

---------------  S U M M A R Y ------------

Command Line: -javaagent:C:\Program Files\JetBrains\IntelliJ IDEA 2018.2.4\lib\idea_rt.jar=58838:C:\Program Files\JetBrains\IntelliJ IDEA 2018.2.4\bin -Dfile.encoding=UTF-8 com.muc.GUI

Host: Intel(R) Core(TM) i5-8350U CPU @ 1.70GHz, 8 cores, 15G,  Windows 10 , 64 bit Build 17763 (10.0.17763.475)
Time: Mon Mar 30 02:51:07 2020 W. Europe Daylight Time elapsed time: 21229 seconds (0d 5h 53m 49s)

---------------  T H R E A D  ---------------

Current thread (0x000001d3dfc6a800):  JavaThread "C2 CompilerThread0" daemon [_thread_in_native, id=50064, stack(0x0000009f1ba00000,0x0000009f1bb00000)]


Current CompileTask:
C2:21229018 2079  s    4       javax.swing.RepaintManager::extendDirtyRegion (36 bytes)

Stack: [0x0000009f1ba00000,0x0000009f1bb00000]
Native frames: (J=compiled Java code, j=interpreted, Vv=VM code, C=native code)
V  [jvm.dll+0x63574a]
V  [jvm.dll+0x77326f]
V  [jvm.dll+0x77491a]
V  [jvm.dll+0x774fd3]
V  [jvm.dll+0x25e418]
V  [jvm.dll+0xc237b]
V  [jvm.dll+0xc26dc]
V  [jvm.dll+0x5c45ee]
V  [jvm.dll+0x5c47a7]
V  [jvm.dll+0x5c90ae]
V  [jvm.dll+0x5c9835]
V  [jvm.dll+0x5c858e]
V  [jvm.dll+0x2180ed]
V  [jvm.dll+0x2173ea]
V  [jvm.dll+0x194200]
V  [jvm.dll+0x2263af]
V  [jvm.dll+0x2249b8]
V  [jvm.dll+0x738a9d]
V  [jvm.dll+0x6347f2]
C  [ucrtbase.dll+0x21ffa]
C  [KERNEL32.DLL+0x17974]
C  [ntdll.dll+0x6a261]


---------------  P R O C E S S  ---------------

Threads class SMR info:
_java_thread_list=0x000001d3e0425310, length=16, elements={
0x000001d3dfbef000, 0x000001d3dfbfc000, 0x000001d3dfc67800, 0x000001d3dfc68800,
0x000001d3dfc6a800, 0x000001d3dfc70000, 0x000001d3dfcc2000, 0x000001d3dfbc0800,
0x000001d3dfe4d000, 0x000001d3dfe4e000, 0x000001d3e0265800, 0x000001d3e0266800,
0x000001d3e0275800, 0x000001d3e02bb800, 0x000001d3bb04c800, 0x000001d3e1f16000
}

Java Threads: ( => current thread )
  0x000001d3dfbef000 JavaThread "Reference Handler" daemon [_thread_blocked, id=9220, stack(0x0000009f1b600000,0x0000009f1b700000)]
  0x000001d3dfbfc000 JavaThread "Finalizer" daemon [_thread_blocked, id=51388, stack(0x0000009f1b700000,0x0000009f1b800000)]
  0x000001d3dfc67800 JavaThread "Signal Dispatcher" daemon [_thread_blocked, id=43112, stack(0x0000009f1b800000,0x0000009f1b900000)]
  0x000001d3dfc68800 JavaThread "Attach Listener" daemon [_thread_blocked, id=52164, stack(0x0000009f1b900000,0x0000009f1ba00000)]
=>0x000001d3dfc6a800 JavaThread "C2 CompilerThread0" daemon [_thread_in_native, id=50064, stack(0x0000009f1ba00000,0x0000009f1bb00000)]
  0x000001d3dfc70000 JavaThread "C1 CompilerThread0" daemon [_thread_blocked, id=53360, stack(0x0000009f1bb00000,0x0000009f1bc00000)]
  0x000001d3dfcc2000 JavaThread "Sweeper thread" daemon [_thread_blocked, id=51800, stack(0x0000009f1bc00000,0x0000009f1bd00000)]
  0x000001d3dfbc0800 JavaThread "Common-Cleaner" daemon [_thread_blocked, id=39168, stack(0x0000009f1bd00000,0x0000009f1be00000)]
  0x000001d3dfe4d000 JavaThread "Monitor Ctrl-Break" daemon [_thread_in_native, id=51616, stack(0x0000009f1be00000,0x0000009f1bf00000)]
  0x000001d3dfe4e000 JavaThread "Service Thread" daemon [_thread_blocked, id=59264, stack(0x0000009f1bf00000,0x0000009f1c000000)]
  0x000001d3e0265800 JavaThread "Java2D Disposer" daemon [_thread_blocked, id=66492, stack(0x0000009f1c100000,0x0000009f1c200000)]
  0x000001d3e0266800 JavaThread "AWT-Shutdown" [_thread_blocked, id=46664, stack(0x0000009f1c200000,0x0000009f1c300000)]
  0x000001d3e0275800 JavaThread "AWT-Windows" daemon [_thread_in_native, id=37284, stack(0x0000009f1c300000,0x0000009f1c400000)]
  0x000001d3e02bb800 JavaThread "AWT-EventQueue-0" [_thread_blocked, id=32436, stack(0x0000009f1c400000,0x0000009f1c500000)]
  0x000001d3bb04c800 JavaThread "DestroyJavaVM" [_thread_blocked, id=43292, stack(0x0000009f1af00000,0x0000009f1b000000)]
  0x000001d3e1f16000 JavaThread "TimerQueue" daemon [_thread_blocked, id=38420, stack(0x0000009f1c800000,0x0000009f1c900000)]

Other Threads:
  0x000001d3dfbc8800 VMThread "VM Thread" [stack: 0x0000009f1b500000,0x0000009f1b600000] [id=62364]
  0x000001d3dfe7c000 WatcherThread [stack: 0x0000009f1c000000,0x0000009f1c100000] [id=64920]
  0x000001d3bb064800 GCTaskThread "GC Thread#0" [stack: 0x0000009f1b000000,0x0000009f1b100000] [id=62348]
  0x000001d3e06b6800 GCTaskThread "GC Thread#1" [stack: 0x0000009f1ab00000,0x0000009f1ac00000] [id=41356]
  0x000001d3e1f72000 GCTaskThread "GC Thread#2" [stack: 0x0000009f1ac00000,0x0000009f1ad00000] [id=8136]
  0x000001d3e1f72800 GCTaskThread "GC Thread#3" [stack: 0x0000009f1ad00000,0x0000009f1ae00000] [id=65676]
  0x000001d3e204f800 GCTaskThread "GC Thread#4" [stack: 0x0000009f1c700000,0x0000009f1c800000] [id=48272]
  0x000001d3e2056000 GCTaskThread "GC Thread#5" [stack: 0x0000009f1c900000,0x0000009f1ca00000] [id=46252]
  0x000001d3b969d800 ConcurrentGCThread "G1 Main Marker" [stack: 0x0000009f1b100000,0x0000009f1b200000] [id=37692]
  0x000001d3bb0bd000 ConcurrentGCThread "G1 Conc#0" [stack: 0x0000009f1b200000,0x0000009f1b300000] [id=43564]
  0x000001d3df22d800 ConcurrentGCThread "G1 Refine#0" [stack: 0x0000009f1b300000,0x0000009f1b400000] [id=39704]
  0x000001d3df22e800 ConcurrentGCThread "G1 Young RemSet Sampling" [stack: 0x0000009f1b400000,0x0000009f1b500000] [id=65304]

Threads with active compile tasks:
C2 CompilerThread02079  s    4       javax.swing.RepaintManager::extendDirtyRegion (36 bytes)

VM state:not at safepoint (normal execution)

VM Mutex/Monitor currently owned by a thread: None

Heap address: 0x0000000703000000, size: 4048 MB, Compressed Oops mode: Zero based, Oop shift amount: 3
Narrow klass base: 0x0000000800000000, Narrow klass shift: 0
Compressed class space size: 1073741824 Address: 0x0000000800000000

Heap:
 garbage-first heap   total 260096K, used 147440K [0x0000000703000000, 0x0000000800000000)
  region size 1024K, 137 young (140288K), 3 survivors (3072K)
 Metaspace       used 17310K, capacity 17754K, committed 17920K, reserved 1064960K
  class space    used 1837K, capacity 2005K, committed 2048K, reserved 1048576K
Heap Regions: E=young(eden), S=young(survivor), O=old, HS=humongous(starts), HC=humongous(continues), CS=collection set, F=free, A=archive, TAMS=top-at-mark-start (previous, next)
|   0|0x0000000703000000, 0x0000000703100000, 0x0000000703100000|100%|HS|  |TAMS 0x0000000703000000, 0x0000000703000000| Complete 
|   1|0x0000000703100000, 0x0000000703200000, 0x0000000703200000|100%|HC|  |TAMS 0x0000000703100000, 0x0000000703100000| Complete 
|   2|0x0000000703200000, 0x0000000703300000, 0x0000000703300000|100%|HC|  |TAMS 0x0000000703200000, 0x0000000703200000| Complete 
|   3|0x0000000703300000, 0x0000000703400000, 0x0000000703400000|100%|HC|  |TAMS 0x0000000703300000, 0x0000000703300000| Complete 
|   4|0x0000000703400000, 0x0000000703500000, 0x0000000703500000|100%|HC|  |TAMS 0x0000000703400000, 0x0000000703400000| Complete 
|   5|0x0000000703500000, 0x0000000703600000, 0x0000000703600000|100%|HC|  |TAMS 0x0000000703500000, 0x0000000703500000| Complete 
|   6|0x0000000703600000, 0x0000000703700000, 0x0000000703700000|100%|HC|  |TAMS 0x0000000703600000, 0x0000000703600000| Complete 
|   7|0x0000000703700000, 0x0000000703800000, 0x0000000703800000|100%|HC|  |TAMS 0x0000000703700000, 0x0000000703700000| Complete 
|   8|0x0000000703800000, 0x0000000703800000, 0x0000000703900000|  0%| F|  |TAMS 0x0000000703800000, 0x0000000703800000| Untracked 
|   9|0x0000000703900000, 0x0000000703900000, 0x0000000703a00000|  0%| F|  |TAMS 0x0000000703900000, 0x0000000703900000| Untracked 
|  10|0x0000000703a00000, 0x0000000703a00000, 0x0000000703b00000|  0%| F|  |TAMS 0x0000000703a00000, 0x0000000703a00000| Untracked 
|  11|0x0000000703b00000, 0x0000000703b00000, 0x0000000703c00000|  0%| F|  |TAMS 0x0000000703b00000, 0x0000000703b00000| Untracked 
|  12|0x0000000703c00000, 0x0000000703c00000, 0x0000000703d00000|  0%| F|  |TAMS 0x0000000703c00000, 0x0000000703c00000| Untracked 
|  13|0x0000000703d00000, 0x0000000703d00000, 0x0000000703e00000|  0%| F|  |TAMS 0x0000000703d00000, 0x0000000703d00000| Untracked 
|  14|0x0000000703e00000, 0x0000000703e00000, 0x0000000703f00000|  0%| F|  |TAMS 0x0000000703e00000, 0x0000000703e00000| Untracked 
|  15|0x0000000703f00000, 0x0000000703f00000, 0x0000000704000000|  0%| F|  |TAMS 0x0000000703f00000, 0x0000000703f00000| Untracked 
|  16|0x0000000704000000, 0x0000000704000000, 0x0000000704100000|  0%| F|  |TAMS 0x0000000704000000, 0x0000000704000000| Untracked 
|  17|0x0000000704100000, 0x0000000704100000, 0x0000000704200000|  0%| F|  |TAMS 0x0000000704100000, 0x0000000704100000| Untracked 
|  18|0x0000000704200000, 0x0000000704200000, 0x0000000704300000|  0%| F|  |TAMS 0x0000000704200000, 0x0000000704200000| Untracked 
|  19|0x0000000704300000, 0x0000000704300000, 0x0000000704400000|  0%| F|  |TAMS 0x0000000704300000, 0x0000000704300000| Untracked 
|  20|0x0000000704400000, 0x0000000704400000, 0x0000000704500000|  0%| F|  |TAMS 0x0000000704400000, 0x0000000704400000| Untracked 
|  21|0x0000000704500000, 0x0000000704500000, 0x0000000704600000|  0%| F|  |TAMS 0x0000000704500000, 0x0000000704500000| Untracked 
|  22|0x0000000704600000, 0x0000000704600000, 0x0000000704700000|  0%| F|  |TAMS 0x0000000704600000, 0x0000000704600000| Untracked 
|  23|0x0000000704700000, 0x0000000704700000, 0x0000000704800000|  0%| F|  |TAMS 0x0000000704700000, 0x0000000704700000| Untracked 
|  24|0x0000000704800000, 0x0000000704800000, 0x0000000704900000|  0%| F|  |TAMS 0x0000000704800000, 0x0000000704800000| Untracked 
|  25|0x0000000704900000, 0x0000000704900000, 0x0000000704a00000|  0%| F|  |TAMS 0x0000000704900000, 0x0000000704900000| Untracked 
|  26|0x0000000704a00000, 0x0000000704a00000, 0x0000000704b00000|  0%| F|  |TAMS 0x0000000704a00000, 0x0000000704a00000| Untracked 
|  27|0x0000000704b00000, 0x0000000704b00000, 0x0000000704c00000|  0%| F|  |TAMS 0x0000000704b00000, 0x0000000704b00000| Untracked 
|  28|0x0000000704c00000, 0x0000000704c00000, 0x0000000704d00000|  0%| F|  |TAMS 0x0000000704c00000, 0x0000000704c00000| Untracked 
|  29|0x0000000704d00000, 0x0000000704d00000, 0x0000000704e00000|  0%| F|  |TAMS 0x0000000704d00000, 0x0000000704d00000| Untracked 
|  30|0x0000000704e00000, 0x0000000704e00000, 0x0000000704f00000|  0%| F|  |TAMS 0x0000000704e00000, 0x0000000704e00000| Untracked 
|  31|0x0000000704f00000, 0x0000000704f00000, 0x0000000705000000|  0%| F|  |TAMS 0x0000000704f00000, 0x0000000704f00000| Untracked 
|  32|0x0000000705000000, 0x0000000705000000, 0x0000000705100000|  0%| F|  |TAMS 0x0000000705000000, 0x0000000705000000| Untracked 
|  33|0x0000000705100000, 0x0000000705100000, 0x0000000705200000|  0%| F|  |TAMS 0x0000000705100000, 0x0000000705100000| Untracked 
|  34|0x0000000705200000, 0x0000000705200000, 0x0000000705300000|  0%| F|  |TAMS 0x0000000705200000, 0x0000000705200000| Untracked 
|  35|0x0000000705300000, 0x0000000705300000, 0x0000000705400000|  0%| F|  |TAMS 0x0000000705300000, 0x0000000705300000| Untracked 
|  36|0x0000000705400000, 0x0000000705400000, 0x0000000705500000|  0%| F|  |TAMS 0x0000000705400000, 0x0000000705400000| Untracked 
|  37|0x0000000705500000, 0x0000000705500000, 0x0000000705600000|  0%| F|  |TAMS 0x0000000705500000, 0x0000000705500000| Untracked 
|  38|0x0000000705600000, 0x0000000705600000, 0x0000000705700000|  0%| F|  |TAMS 0x0000000705600000, 0x0000000705600000| Untracked 
|  39|0x0000000705700000, 0x0000000705700000, 0x0000000705800000|  0%| F|  |TAMS 0x0000000705700000, 0x0000000705700000| Untracked 
|  40|0x0000000705800000, 0x0000000705800000, 0x0000000705900000|  0%| F|  |TAMS 0x0000000705800000, 0x0000000705800000| Untracked 
|  41|0x0000000705900000, 0x0000000705900000, 0x0000000705a00000|  0%| F|  |TAMS 0x0000000705900000, 0x0000000705900000| Untracked 
|  42|0x0000000705a00000, 0x0000000705a00000, 0x0000000705b00000|  0%| F|  |TAMS 0x0000000705a00000, 0x0000000705a00000| Untracked 
|  43|0x0000000705b00000, 0x0000000705b00000, 0x0000000705c00000|  0%| F|  |TAMS 0x0000000705b00000, 0x0000000705b00000| Untracked 
|  44|0x0000000705c00000, 0x0000000705c00000, 0x0000000705d00000|  0%| F|  |TAMS 0x0000000705c00000, 0x0000000705c00000| Untracked 
|  45|0x0000000705d00000, 0x0000000705d00000, 0x0000000705e00000|  0%| F|  |TAMS 0x0000000705d00000, 0x0000000705d00000| Untracked 
|  46|0x0000000705e00000, 0x0000000705e00000, 0x0000000705f00000|  0%| F|  |TAMS 0x0000000705e00000, 0x0000000705e00000| Untracked 
|  47|0x0000000705f00000, 0x0000000705f00000, 0x0000000706000000|  0%| F|  |TAMS 0x0000000705f00000, 0x0000000705f00000| Untracked 
|  48|0x0000000706000000, 0x0000000706000000, 0x0000000706100000|  0%| F|  |TAMS 0x0000000706000000, 0x0000000706000000| Untracked 
|  49|0x0000000706100000, 0x0000000706100000, 0x0000000706200000|  0%| F|  |TAMS 0x0000000706100000, 0x0000000706100000| Untracked 
|  50|0x0000000706200000, 0x0000000706200000, 0x0000000706300000|  0%| F|  |TAMS 0x0000000706200000, 0x0000000706200000| Untracked 
|  51|0x0000000706300000, 0x0000000706300000, 0x0000000706400000|  0%| F|  |TAMS 0x0000000706300000, 0x0000000706300000| Untracked 
|  52|0x0000000706400000, 0x0000000706400000, 0x0000000706500000|  0%| F|  |TAMS 0x0000000706400000, 0x0000000706400000| Untracked 
|  53|0x0000000706500000, 0x0000000706500000, 0x0000000706600000|  0%| F|  |TAMS 0x0000000706500000, 0x0000000706500000| Untracked 
|  54|0x0000000706600000, 0x0000000706600000, 0x0000000706700000|  0%| F|  |TAMS 0x0000000706600000, 0x0000000706600000| Untracked 
|  55|0x0000000706700000, 0x0000000706700000, 0x0000000706800000|  0%| F|  |TAMS 0x0000000706700000, 0x0000000706700000| Untracked 
|  56|0x0000000706800000, 0x0000000706800000, 0x0000000706900000|  0%| F|  |TAMS 0x0000000706800000, 0x0000000706800000| Untracked 
|  57|0x0000000706900000, 0x0000000706900000, 0x0000000706a00000|  0%| F|  |TAMS 0x0000000706900000, 0x0000000706900000| Untracked 
|  58|0x0000000706a00000, 0x0000000706a00000, 0x0000000706b00000|  0%| F|  |TAMS 0x0000000706a00000, 0x0000000706a00000| Untracked 
|  59|0x0000000706b00000, 0x0000000706b00000, 0x0000000706c00000|  0%| F|  |TAMS 0x0000000706b00000, 0x0000000706b00000| Untracked 
|  60|0x0000000706c00000, 0x0000000706c00000, 0x0000000706d00000|  0%| F|  |TAMS 0x0000000706c00000, 0x0000000706c00000| Untracked 
|  61|0x0000000706d00000, 0x0000000706d00000, 0x0000000706e00000|  0%| F|  |TAMS 0x0000000706d00000, 0x0000000706d00000| Untracked 
|  62|0x0000000706e00000, 0x0000000706e00000, 0x0000000706f00000|  0%| F|  |TAMS 0x0000000706e00000, 0x0000000706e00000| Untracked 
|  63|0x0000000706f00000, 0x0000000706f00000, 0x0000000707000000|  0%| F|  |TAMS 0x0000000706f00000, 0x0000000706f00000| Untracked 
|  64|0x0000000707000000, 0x0000000707000000, 0x0000000707100000|  0%| F|  |TAMS 0x0000000707000000, 0x0000000707000000| Untracked 
|  65|0x0000000707100000, 0x0000000707100000, 0x0000000707200000|  0%| F|  |TAMS 0x0000000707100000, 0x0000000707100000| Untracked 
|  66|0x0000000707200000, 0x0000000707200000, 0x0000000707300000|  0%| F|  |TAMS 0x0000000707200000, 0x0000000707200000| Untracked 
|  67|0x0000000707300000, 0x0000000707300000, 0x0000000707400000|  0%| F|  |TAMS 0x0000000707300000, 0x0000000707300000| Untracked 
|  68|0x0000000707400000, 0x0000000707400000, 0x0000000707500000|  0%| F|  |TAMS 0x0000000707400000, 0x0000000707400000| Untracked 
|  69|0x0000000707500000, 0x0000000707500000, 0x0000000707600000|  0%| F|  |TAMS 0x0000000707500000, 0x0000000707500000| Untracked 
|  70|0x0000000707600000, 0x0000000707600000, 0x0000000707700000|  0%| F|  |TAMS 0x0000000707600000, 0x0000000707600000| Untracked 
|  71|0x0000000707700000, 0x0000000707700000, 0x0000000707800000|  0%| F|  |TAMS 0x0000000707700000, 0x0000000707700000| Untracked 
|  72|0x0000000707800000, 0x0000000707800000, 0x0000000707900000|  0%| F|  |TAMS 0x0000000707800000, 0x0000000707800000| Untracked 
|  73|0x0000000707900000, 0x0000000707900000, 0x0000000707a00000|  0%| F|  |TAMS 0x0000000707900000, 0x0000000707900000| Untracked 
|  74|0x0000000707a00000, 0x0000000707a00000, 0x0000000707b00000|  0%| F|  |TAMS 0x0000000707a00000, 0x0000000707a00000| Untracked 
|  75|0x0000000707b00000, 0x0000000707b00000, 0x0000000707c00000|  0%| F|  |TAMS 0x0000000707b00000, 0x0000000707b00000| Untracked 
|  76|0x0000000707c00000, 0x0000000707c00000, 0x0000000707d00000|  0%| F|  |TAMS 0x0000000707c00000, 0x0000000707c00000| Untracked 
|  77|0x0000000707d00000, 0x0000000707d00000, 0x0000000707e00000|  0%| F|  |TAMS 0x0000000707d00000, 0x0000000707d00000| Untracked 
|  78|0x0000000707e00000, 0x0000000707e00000, 0x0000000707f00000|  0%| F|  |TAMS 0x0000000707e00000, 0x0000000707e00000| Untracked 
|  79|0x0000000707f00000, 0x0000000707f00000, 0x0000000708000000|  0%| F|  |TAMS 0x0000000707f00000, 0x0000000707f00000| Untracked 
|  80|0x0000000708000000, 0x0000000708000000, 0x0000000708100000|  0%| F|  |TAMS 0x0000000708000000, 0x0000000708000000| Untracked 
|  81|0x0000000708100000, 0x0000000708100000, 0x0000000708200000|  0%| F|  |TAMS 0x0000000708100000, 0x0000000708100000| Untracked 
|  82|0x0000000708200000, 0x0000000708200000, 0x0000000708300000|  0%| F|  |TAMS 0x0000000708200000, 0x0000000708200000| Untracked 
|  83|0x0000000708300000, 0x0000000708300000, 0x0000000708400000|  0%| F|  |TAMS 0x0000000708300000, 0x0000000708300000| Untracked 
|  84|0x0000000708400000, 0x0000000708400000, 0x0000000708500000|  0%| F|  |TAMS 0x0000000708400000, 0x0000000708400000| Untracked 
|  85|0x0000000708500000, 0x0000000708500000, 0x0000000708600000|  0%| F|  |TAMS 0x0000000708500000, 0x0000000708500000| Untracked 
|  86|0x0000000708600000, 0x0000000708600000, 0x0000000708700000|  0%| F|  |TAMS 0x0000000708600000, 0x0000000708600000| Untracked 
|  87|0x0000000708700000, 0x0000000708700000, 0x0000000708800000|  0%| F|  |TAMS 0x0000000708700000, 0x0000000708700000| Untracked 
|  88|0x0000000708800000, 0x0000000708800000, 0x0000000708900000|  0%| F|  |TAMS 0x0000000708800000, 0x0000000708800000| Untracked 
|  89|0x0000000708900000, 0x0000000708900000, 0x0000000708a00000|  0%| F|  |TAMS 0x0000000708900000, 0x0000000708900000| Untracked 
|  90|0x0000000708a00000, 0x0000000708a00000, 0x0000000708b00000|  0%| F|  |TAMS 0x0000000708a00000, 0x0000000708a00000| Untracked 
|  91|0x0000000708b00000, 0x0000000708b00000, 0x0000000708c00000|  0%| F|  |TAMS 0x0000000708b00000, 0x0000000708b00000| Untracked 
|  92|0x0000000708c00000, 0x0000000708c00000, 0x0000000708d00000|  0%| F|  |TAMS 0x0000000708c00000, 0x0000000708c00000| Untracked 
|  93|0x0000000708d00000, 0x0000000708d00000, 0x0000000708e00000|  0%| F|  |TAMS 0x0000000708d00000, 0x0000000708d00000| Untracked 
|  94|0x0000000708e00000, 0x0000000708e00000, 0x0000000708f00000|  0%| F|  |TAMS 0x0000000708e00000, 0x0000000708e00000| Untracked 
|  95|0x0000000708f00000, 0x0000000708f00000, 0x0000000709000000|  0%| F|  |TAMS 0x0000000708f00000, 0x0000000708f00000| Untracked 
|  96|0x0000000709000000, 0x0000000709000000, 0x0000000709100000|  0%| F|  |TAMS 0x0000000709000000, 0x0000000709000000| Untracked 
|  97|0x0000000709100000, 0x0000000709100000, 0x0000000709200000|  0%| F|  |TAMS 0x0000000709100000, 0x0000000709100000| Untracked 
|  98|0x0000000709200000, 0x0000000709200000, 0x0000000709300000|  0%| F|  |TAMS 0x0000000709200000, 0x0000000709200000| Untracked 
|  99|0x0000000709300000, 0x00000007093fc028, 0x0000000709400000| 98%| S|CS|TAMS 0x0000000709300000, 0x0000000709300000| Complete 
| 100|0x0000000709400000, 0x0000000709500000, 0x0000000709500000|100%| S|CS|TAMS 0x0000000709400000, 0x0000000709400000| Complete 
| 101|0x0000000709500000, 0x0000000709600000, 0x0000000709600000|100%| S|CS|TAMS 0x0000000709500000, 0x0000000709500000| Complete 
| 102|0x0000000709600000, 0x0000000709600000, 0x0000000709700000|  0%| F|  |TAMS 0x0000000709600000, 0x0000000709600000| Untracked 
| 103|0x0000000709700000, 0x0000000709700000, 0x0000000709800000|  0%| F|  |TAMS 0x0000000709700000, 0x0000000709700000| Untracked 
| 104|0x0000000709800000, 0x0000000709800000, 0x0000000709900000|  0%| F|  |TAMS 0x0000000709800000, 0x0000000709800000| Untracked 
| 105|0x0000000709900000, 0x0000000709900000, 0x0000000709a00000|  0%| F|  |TAMS 0x0000000709900000, 0x0000000709900000| Untracked 
| 106|0x0000000709a00000, 0x0000000709a00000, 0x0000000709b00000|  0%| F|  |TAMS 0x0000000709a00000, 0x0000000709a00000| Untracked 
| 107|0x0000000709b00000, 0x0000000709b00000, 0x0000000709c00000|  0%| F|  |TAMS 0x0000000709b00000, 0x0000000709b00000| Untracked 
| 108|0x0000000709c00000, 0x0000000709c00000, 0x0000000709d00000|  0%| F|  |TAMS 0x0000000709c00000, 0x0000000709c00000| Untracked 
| 109|0x0000000709d00000, 0x0000000709d00000, 0x0000000709e00000|  0%| F|  |TAMS 0x0000000709d00000, 0x0000000709d00000| Untracked 
| 110|0x0000000709e00000, 0x0000000709e00000, 0x0000000709f00000|  0%| F|  |TAMS 0x0000000709e00000, 0x0000000709e00000| Untracked 
| 111|0x0000000709f00000, 0x0000000709f00000, 0x000000070a000000|  0%| F|  |TAMS 0x0000000709f00000, 0x0000000709f00000| Untracked 
| 112|0x000000070a000000, 0x000000070a000000, 0x000000070a100000|  0%| F|  |TAMS 0x000000070a000000, 0x000000070a000000| Untracked 
| 113|0x000000070a100000, 0x000000070a100000, 0x000000070a200000|  0%| F|  |TAMS 0x000000070a100000, 0x000000070a100000| Untracked 
| 114|0x000000070a200000, 0x000000070a200000, 0x000000070a300000|  0%| F|  |TAMS 0x000000070a200000, 0x000000070a200000| Untracked 
| 115|0x000000070a300000, 0x000000070a300000, 0x000000070a400000|  0%| F|  |TAMS 0x000000070a300000, 0x000000070a300000| Untracked 
| 116|0x000000070a400000, 0x000000070a400000, 0x000000070a500000|  0%| F|  |TAMS 0x000000070a400000, 0x000000070a400000| Untracked 
| 117|0x000000070a500000, 0x000000070a500000, 0x000000070a600000|  0%| F|  |TAMS 0x000000070a500000, 0x000000070a500000| Untracked 
| 118|0x000000070a600000, 0x000000070a600000, 0x000000070a700000|  0%| F|  |TAMS 0x000000070a600000, 0x000000070a600000| Untracked 
| 119|0x000000070a700000, 0x000000070a700000, 0x000000070a800000|  0%| F|  |TAMS 0x000000070a700000, 0x000000070a700000| Untracked 
| 120|0x000000070a800000, 0x000000070a880800, 0x000000070a900000| 50%| E|  |TAMS 0x000000070a800000, 0x000000070a800000| Complete 
| 121|0x000000070a900000, 0x000000070aa00000, 0x000000070aa00000|100%| E|CS|TAMS 0x000000070a900000, 0x000000070a900000| Complete 
| 122|0x000000070aa00000, 0x000000070ab00000, 0x000000070ab00000|100%| E|CS|TAMS 0x000000070aa00000, 0x000000070aa00000| Complete 
| 123|0x000000070ab00000, 0x000000070ac00000, 0x000000070ac00000|100%| E|CS|TAMS 0x000000070ab00000, 0x000000070ab00000| Complete 
| 124|0x000000070ac00000, 0x000000070ad00000, 0x000000070ad00000|100%| E|CS|TAMS 0x000000070ac00000, 0x000000070ac00000| Complete 
| 125|0x000000070ad00000, 0x000000070ae00000, 0x000000070ae00000|100%| E|CS|TAMS 0x000000070ad00000, 0x000000070ad00000| Complete 
| 126|0x000000070ae00000, 0x000000070af00000, 0x000000070af00000|100%| E|CS|TAMS 0x000000070ae00000, 0x000000070ae00000| Complete 
| 127|0x000000070af00000, 0x000000070b000000, 0x000000070b000000|100%| E|CS|TAMS 0x000000070af00000, 0x000000070af00000| Complete 
| 128|0x000000070b000000, 0x000000070b100000, 0x000000070b100000|100%| E|CS|TAMS 0x000000070b000000, 0x000000070b000000| Complete 
| 129|0x000000070b100000, 0x000000070b200000, 0x000000070b200000|100%| E|CS|TAMS 0x000000070b100000, 0x000000070b100000| Complete 
| 130|0x000000070b200000, 0x000000070b300000, 0x000000070b300000|100%| E|CS|TAMS 0x000000070b200000, 0x000000070b200000| Complete 
| 131|0x000000070b300000, 0x000000070b400000, 0x000000070b400000|100%| E|CS|TAMS 0x000000070b300000, 0x000000070b300000| Complete 
| 132|0x000000070b400000, 0x000000070b500000, 0x000000070b500000|100%| E|CS|TAMS 0x000000070b400000, 0x000000070b400000| Complete 
| 133|0x000000070b500000, 0x000000070b600000, 0x000000070b600000|100%| E|CS|TAMS 0x000000070b500000, 0x000000070b500000| Complete 
| 134|0x000000070b600000, 0x000000070b700000, 0x000000070b700000|100%| E|CS|TAMS 0x000000070b600000, 0x000000070b600000| Complete 
| 135|0x000000070b700000, 0x000000070b800000, 0x000000070b800000|100%| E|CS|TAMS 0x000000070b700000, 0x000000070b700000| Complete 
| 136|0x000000070b800000, 0x000000070b900000, 0x000000070b900000|100%| E|CS|TAMS 0x000000070b800000, 0x000000070b800000| Complete 
| 137|0x000000070b900000, 0x000000070ba00000, 0x000000070ba00000|100%| E|CS|TAMS 0x000000070b900000, 0x000000070b900000| Complete 
| 138|0x000000070ba00000, 0x000000070bb00000, 0x000000070bb00000|100%| E|CS|TAMS 0x000000070ba00000, 0x000000070ba00000| Complete 
| 139|0x000000070bb00000, 0x000000070bc00000, 0x000000070bc00000|100%| E|CS|TAMS 0x000000070bb00000, 0x000000070bb00000| Complete 
| 140|0x000000070bc00000, 0x000000070bd00000, 0x000000070bd00000|100%| E|CS|TAMS 0x000000070bc00000, 0x000000070bc00000| Complete 
| 141|0x000000070bd00000, 0x000000070be00000, 0x000000070be00000|100%| E|CS|TAMS 0x000000070bd00000, 0x000000070bd00000| Complete 
| 142|0x000000070be00000, 0x000000070bf00000, 0x000000070bf00000|100%| E|CS|TAMS 0x000000070be00000, 0x000000070be00000| Complete 
| 143|0x000000070bf00000, 0x000000070c000000, 0x000000070c000000|100%| E|CS|TAMS 0x000000070bf00000, 0x000000070bf00000| Complete 
| 144|0x000000070c000000, 0x000000070c100000, 0x000000070c100000|100%| E|CS|TAMS 0x000000070c000000, 0x000000070c000000| Complete 
| 145|0x000000070c100000, 0x000000070c200000, 0x000000070c200000|100%| E|CS|TAMS 0x000000070c100000, 0x000000070c100000| Complete 
| 146|0x000000070c200000, 0x000000070c300000, 0x000000070c300000|100%| E|CS|TAMS 0x000000070c200000, 0x000000070c200000| Complete 
| 147|0x000000070c300000, 0x000000070c400000, 0x000000070c400000|100%| E|CS|TAMS 0x000000070c300000, 0x000000070c300000| Complete 
| 148|0x000000070c400000, 0x000000070c500000, 0x000000070c500000|100%| E|CS|TAMS 0x000000070c400000, 0x000000070c400000| Complete 
| 149|0x000000070c500000, 0x000000070c600000, 0x000000070c600000|100%| E|CS|TAMS 0x000000070c500000, 0x000000070c500000| Complete 
| 150|0x000000070c600000, 0x000000070c700000, 0x000000070c700000|100%| E|CS|TAMS 0x000000070c600000, 0x000000070c600000| Complete 
| 151|0x000000070c700000, 0x000000070c800000, 0x000000070c800000|100%| E|CS|TAMS 0x000000070c700000, 0x000000070c700000| Complete 
| 152|0x000000070c800000, 0x000000070c900000, 0x000000070c900000|100%| E|CS|TAMS 0x000000070c800000, 0x000000070c800000| Complete 
| 153|0x000000070c900000, 0x000000070ca00000, 0x000000070ca00000|100%| E|CS|TAMS 0x000000070c900000, 0x000000070c900000| Complete 
| 154|0x000000070ca00000, 0x000000070cb00000, 0x000000070cb00000|100%| E|CS|TAMS 0x000000070ca00000, 0x000000070ca00000| Complete 
| 155|0x000000070cb00000, 0x000000070cc00000, 0x000000070cc00000|100%| E|CS|TAMS 0x000000070cb00000, 0x000000070cb00000| Complete 
| 156|0x000000070cc00000, 0x000000070cd00000, 0x000000070cd00000|100%| E|CS|TAMS 0x000000070cc00000, 0x000000070cc00000| Complete 
| 157|0x000000070cd00000, 0x000000070ce00000, 0x000000070ce00000|100%| E|CS|TAMS 0x000000070cd00000, 0x000000070cd00000| Complete 
| 158|0x000000070ce00000, 0x000000070cf00000, 0x000000070cf00000|100%| E|CS|TAMS 0x000000070ce00000, 0x000000070ce00000| Complete 
| 159|0x000000070cf00000, 0x000000070d000000, 0x000000070d000000|100%| E|CS|TAMS 0x000000070cf00000, 0x000000070cf00000| Complete 
| 160|0x000000070d000000, 0x000000070d100000, 0x000000070d100000|100%| E|CS|TAMS 0x000000070d000000, 0x000000070d000000| Complete 
| 161|0x000000070d100000, 0x000000070d200000, 0x000000070d200000|100%| E|CS|TAMS 0x000000070d100000, 0x000000070d100000| Complete 
| 162|0x000000070d200000, 0x000000070d300000, 0x000000070d300000|100%| E|CS|TAMS 0x000000070d200000, 0x000000070d200000| Complete 
| 163|0x000000070d300000, 0x000000070d400000, 0x000000070d400000|100%| E|CS|TAMS 0x000000070d300000, 0x000000070d300000| Complete 
| 164|0x000000070d400000, 0x000000070d500000, 0x000000070d500000|100%| E|CS|TAMS 0x000000070d400000, 0x000000070d400000| Complete 
| 165|0x000000070d500000, 0x000000070d600000, 0x000000070d600000|100%| E|CS|TAMS 0x000000070d500000, 0x000000070d500000| Complete 
| 166|0x000000070d600000, 0x000000070d700000, 0x000000070d700000|100%| E|CS|TAMS 0x000000070d600000, 0x000000070d600000| Complete 
| 167|0x000000070d700000, 0x000000070d800000, 0x000000070d800000|100%| E|CS|TAMS 0x000000070d700000, 0x000000070d700000| Complete 
| 168|0x000000070d800000, 0x000000070d900000, 0x000000070d900000|100%| E|CS|TAMS 0x000000070d800000, 0x000000070d800000| Complete 
| 169|0x000000070d900000, 0x000000070da00000, 0x000000070da00000|100%| E|CS|TAMS 0x000000070d900000, 0x000000070d900000| Complete 
| 170|0x000000070da00000, 0x000000070db00000, 0x000000070db00000|100%| E|CS|TAMS 0x000000070da00000, 0x000000070da00000| Complete 
| 171|0x000000070db00000, 0x000000070dc00000, 0x000000070dc00000|100%| E|CS|TAMS 0x000000070db00000, 0x000000070db00000| Complete 
| 172|0x000000070dc00000, 0x000000070dd00000, 0x000000070dd00000|100%| E|CS|TAMS 0x000000070dc00000, 0x000000070dc00000| Complete 
| 173|0x000000070dd00000, 0x000000070de00000, 0x000000070de00000|100%| E|CS|TAMS 0x000000070dd00000, 0x000000070dd00000| Complete 
| 174|0x000000070de00000, 0x000000070df00000, 0x000000070df00000|100%| E|CS|TAMS 0x000000070de00000, 0x000000070de00000| Complete 
| 175|0x000000070df00000, 0x000000070e000000, 0x000000070e000000|100%| E|CS|TAMS 0x000000070df00000, 0x000000070df00000| Complete 
| 176|0x000000070e000000, 0x000000070e100000, 0x000000070e100000|100%| E|CS|TAMS 0x000000070e000000, 0x000000070e000000| Complete 
| 177|0x000000070e100000, 0x000000070e200000, 0x000000070e200000|100%| E|CS|TAMS 0x000000070e100000, 0x000000070e100000| Complete 
| 178|0x000000070e200000, 0x000000070e300000, 0x000000070e300000|100%| E|CS|TAMS 0x000000070e200000, 0x000000070e200000| Complete 
| 179|0x000000070e300000, 0x000000070e400000, 0x000000070e400000|100%| E|CS|TAMS 0x000000070e300000, 0x000000070e300000| Complete 
| 180|0x000000070e400000, 0x000000070e500000, 0x000000070e500000|100%| E|CS|TAMS 0x000000070e400000, 0x000000070e400000| Complete 
| 181|0x000000070e500000, 0x000000070e600000, 0x000000070e600000|100%| E|CS|TAMS 0x000000070e500000, 0x000000070e500000| Complete 
| 182|0x000000070e600000, 0x000000070e700000, 0x000000070e700000|100%| E|CS|TAMS 0x000000070e600000, 0x000000070e600000| Complete 
| 183|0x000000070e700000, 0x000000070e800000, 0x000000070e800000|100%| E|CS|TAMS 0x000000070e700000, 0x000000070e700000| Complete 
| 184|0x000000070e800000, 0x000000070e900000, 0x000000070e900000|100%| E|CS|TAMS 0x000000070e800000, 0x000000070e800000| Complete 
| 185|0x000000070e900000, 0x000000070ea00000, 0x000000070ea00000|100%| E|CS|TAMS 0x000000070e900000, 0x000000070e900000| Complete 
| 186|0x000000070ea00000, 0x000000070eb00000, 0x000000070eb00000|100%| E|CS|TAMS 0x000000070ea00000, 0x000000070ea00000| Complete 
| 187|0x000000070eb00000, 0x000000070ec00000, 0x000000070ec00000|100%| E|CS|TAMS 0x000000070eb00000, 0x000000070eb00000| Complete 
| 188|0x000000070ec00000, 0x000000070ed00000, 0x000000070ed00000|100%| E|CS|TAMS 0x000000070ec00000, 0x000000070ec00000| Complete 
| 189|0x000000070ed00000, 0x000000070ee00000, 0x000000070ee00000|100%| E|CS|TAMS 0x000000070ed00000, 0x000000070ed00000| Complete 
| 190|0x000000070ee00000, 0x000000070ef00000, 0x000000070ef00000|100%| E|CS|TAMS 0x000000070ee00000, 0x000000070ee00000| Complete 
| 191|0x000000070ef00000, 0x000000070f000000, 0x000000070f000000|100%| E|CS|TAMS 0x000000070ef00000, 0x000000070ef00000| Complete 
| 192|0x000000070f000000, 0x000000070f100000, 0x000000070f100000|100%| E|CS|TAMS 0x000000070f000000, 0x000000070f000000| Complete 
| 193|0x000000070f100000, 0x000000070f200000, 0x000000070f200000|100%| E|CS|TAMS 0x000000070f100000, 0x000000070f100000| Complete 
| 194|0x000000070f200000, 0x000000070f300000, 0x000000070f300000|100%| E|CS|TAMS 0x000000070f200000, 0x000000070f200000| Complete 
| 195|0x000000070f300000, 0x000000070f400000, 0x000000070f400000|100%| E|CS|TAMS 0x000000070f300000, 0x000000070f300000| Complete 
| 196|0x000000070f400000, 0x000000070f500000, 0x000000070f500000|100%| E|CS|TAMS 0x000000070f400000, 0x000000070f400000| Complete 
| 197|0x000000070f500000, 0x000000070f600000, 0x000000070f600000|100%| E|CS|TAMS 0x000000070f500000, 0x000000070f500000| Complete 
| 198|0x000000070f600000, 0x000000070f700000, 0x000000070f700000|100%| E|CS|TAMS 0x000000070f600000, 0x000000070f600000| Complete 
| 199|0x000000070f700000, 0x000000070f800000, 0x000000070f800000|100%| E|CS|TAMS 0x000000070f700000, 0x000000070f700000| Complete 
| 200|0x000000070f800000, 0x000000070f900000, 0x000000070f900000|100%| E|CS|TAMS 0x000000070f800000, 0x000000070f800000| Complete 
| 201|0x000000070f900000, 0x000000070fa00000, 0x000000070fa00000|100%| E|CS|TAMS 0x000000070f900000, 0x000000070f900000| Complete 
| 202|0x000000070fa00000, 0x000000070fb00000, 0x000000070fb00000|100%| E|CS|TAMS 0x000000070fa00000, 0x000000070fa00000| Complete 
| 203|0x000000070fb00000, 0x000000070fc00000, 0x000000070fc00000|100%| E|CS|TAMS 0x000000070fb00000, 0x000000070fb00000| Complete 
| 204|0x000000070fc00000, 0x000000070fd00000, 0x000000070fd00000|100%| E|CS|TAMS 0x000000070fc00000, 0x000000070fc00000| Complete 
| 205|0x000000070fd00000, 0x000000070fe00000, 0x000000070fe00000|100%| E|CS|TAMS 0x000000070fd00000, 0x000000070fd00000| Complete 
| 206|0x000000070fe00000, 0x000000070ff00000, 0x000000070ff00000|100%| E|CS|TAMS 0x000000070fe00000, 0x000000070fe00000| Complete 
| 207|0x000000070ff00000, 0x0000000710000000, 0x0000000710000000|100%| E|CS|TAMS 0x000000070ff00000, 0x000000070ff00000| Complete 
| 208|0x0000000710000000, 0x0000000710100000, 0x0000000710100000|100%| E|CS|TAMS 0x0000000710000000, 0x0000000710000000| Complete 
| 209|0x0000000710100000, 0x0000000710200000, 0x0000000710200000|100%| E|CS|TAMS 0x0000000710100000, 0x0000000710100000| Complete 
| 210|0x0000000710200000, 0x0000000710300000, 0x0000000710300000|100%| E|CS|TAMS 0x0000000710200000, 0x0000000710200000| Complete 
| 211|0x0000000710300000, 0x0000000710400000, 0x0000000710400000|100%| E|CS|TAMS 0x0000000710300000, 0x0000000710300000| Complete 
| 212|0x0000000710400000, 0x0000000710500000, 0x0000000710500000|100%| E|CS|TAMS 0x0000000710400000, 0x0000000710400000| Complete 
| 213|0x0000000710500000, 0x0000000710600000, 0x0000000710600000|100%| E|CS|TAMS 0x0000000710500000, 0x0000000710500000| Complete 
| 214|0x0000000710600000, 0x0000000710700000, 0x0000000710700000|100%| E|CS|TAMS 0x0000000710600000, 0x0000000710600000| Complete 
| 215|0x0000000710700000, 0x0000000710800000, 0x0000000710800000|100%| E|CS|TAMS 0x0000000710700000, 0x0000000710700000| Complete 
| 216|0x0000000710800000, 0x0000000710900000, 0x0000000710900000|100%| E|CS|TAMS 0x0000000710800000, 0x0000000710800000| Complete 
| 217|0x0000000710900000, 0x0000000710a00000, 0x0000000710a00000|100%| E|CS|TAMS 0x0000000710900000, 0x0000000710900000| Complete 
| 218|0x0000000710a00000, 0x0000000710b00000, 0x0000000710b00000|100%| E|CS|TAMS 0x0000000710a00000, 0x0000000710a00000| Complete 
| 219|0x0000000710b00000, 0x0000000710c00000, 0x0000000710c00000|100%| E|CS|TAMS 0x0000000710b00000, 0x0000000710b00000| Complete 
| 220|0x0000000710c00000, 0x0000000710d00000, 0x0000000710d00000|100%| E|CS|TAMS 0x0000000710c00000, 0x0000000710c00000| Complete 
| 221|0x0000000710d00000, 0x0000000710e00000, 0x0000000710e00000|100%| E|CS|TAMS 0x0000000710d00000, 0x0000000710d00000| Complete 
| 222|0x0000000710e00000, 0x0000000710f00000, 0x0000000710f00000|100%| E|CS|TAMS 0x0000000710e00000, 0x0000000710e00000| Complete 
| 223|0x0000000710f00000, 0x0000000711000000, 0x0000000711000000|100%| E|CS|TAMS 0x0000000710f00000, 0x0000000710f00000| Complete 
| 224|0x0000000711000000, 0x0000000711100000, 0x0000000711100000|100%| E|CS|TAMS 0x0000000711000000, 0x0000000711000000| Complete 
| 225|0x0000000711100000, 0x0000000711200000, 0x0000000711200000|100%| E|CS|TAMS 0x0000000711100000, 0x0000000711100000| Complete 
| 226|0x0000000711200000, 0x0000000711300000, 0x0000000711300000|100%| E|CS|TAMS 0x0000000711200000, 0x0000000711200000| Complete 
| 227|0x0000000711300000, 0x0000000711400000, 0x0000000711400000|100%| E|CS|TAMS 0x0000000711300000, 0x0000000711300000| Complete 
| 228|0x0000000711400000, 0x0000000711500000, 0x0000000711500000|100%| E|CS|TAMS 0x0000000711400000, 0x0000000711400000| Complete 
| 229|0x0000000711500000, 0x0000000711600000, 0x0000000711600000|100%| E|CS|TAMS 0x0000000711500000, 0x0000000711500000| Complete 
| 230|0x0000000711600000, 0x0000000711700000, 0x0000000711700000|100%| E|CS|TAMS 0x0000000711600000, 0x0000000711600000| Complete 
| 231|0x0000000711700000, 0x0000000711800000, 0x0000000711800000|100%| E|CS|TAMS 0x0000000711700000, 0x0000000711700000| Complete 
| 232|0x0000000711800000, 0x0000000711900000, 0x0000000711900000|100%| E|CS|TAMS 0x0000000711800000, 0x0000000711800000| Complete 
| 233|0x0000000711900000, 0x0000000711a00000, 0x0000000711a00000|100%| E|CS|TAMS 0x0000000711900000, 0x0000000711900000| Complete 
| 234|0x0000000711a00000, 0x0000000711b00000, 0x0000000711b00000|100%| E|CS|TAMS 0x0000000711a00000, 0x0000000711a00000| Complete 
| 235|0x0000000711b00000, 0x0000000711c00000, 0x0000000711c00000|100%| E|CS|TAMS 0x0000000711b00000, 0x0000000711b00000| Complete 
| 236|0x0000000711c00000, 0x0000000711d00000, 0x0000000711d00000|100%| E|CS|TAMS 0x0000000711c00000, 0x0000000711c00000| Complete 
| 237|0x0000000711d00000, 0x0000000711e00000, 0x0000000711e00000|100%| E|CS|TAMS 0x0000000711d00000, 0x0000000711d00000| Complete 
| 238|0x0000000711e00000, 0x0000000711f00000, 0x0000000711f00000|100%| E|CS|TAMS 0x0000000711e00000, 0x0000000711e00000| Complete 
| 239|0x0000000711f00000, 0x0000000712000000, 0x0000000712000000|100%| E|CS|TAMS 0x0000000711f00000, 0x0000000711f00000| Complete 
| 240|0x0000000712000000, 0x0000000712100000, 0x0000000712100000|100%| E|CS|TAMS 0x0000000712000000, 0x0000000712000000| Complete 
| 241|0x0000000712100000, 0x0000000712200000, 0x0000000712200000|100%| E|CS|TAMS 0x0000000712100000, 0x0000000712100000| Complete 
| 242|0x0000000712200000, 0x0000000712300000, 0x0000000712300000|100%| E|CS|TAMS 0x0000000712200000, 0x0000000712200000| Complete 
| 243|0x0000000712300000, 0x0000000712400000, 0x0000000712400000|100%| E|CS|TAMS 0x0000000712300000, 0x0000000712300000| Complete 
| 244|0x0000000712400000, 0x0000000712500000, 0x0000000712500000|100%| E|CS|TAMS 0x0000000712400000, 0x0000000712400000| Complete 
| 245|0x0000000712500000, 0x0000000712600000, 0x0000000712600000|100%| E|CS|TAMS 0x0000000712500000, 0x0000000712500000| Complete 
| 246|0x0000000712600000, 0x0000000712700000, 0x0000000712700000|100%| E|CS|TAMS 0x0000000712600000, 0x0000000712600000| Complete 
| 247|0x0000000712700000, 0x0000000712800000, 0x0000000712800000|100%| E|CS|TAMS 0x0000000712700000, 0x0000000712700000| Complete 
| 248|0x0000000712800000, 0x0000000712900000, 0x0000000712900000|100%| E|CS|TAMS 0x0000000712800000, 0x0000000712800000| Complete 
| 249|0x0000000712900000, 0x0000000712a00000, 0x0000000712a00000|100%| E|CS|TAMS 0x0000000712900000, 0x0000000712900000| Complete 
| 250|0x0000000712a00000, 0x0000000712b00000, 0x0000000712b00000|100%| E|CS|TAMS 0x0000000712a00000, 0x0000000712a00000| Complete 
| 251|0x0000000712b00000, 0x0000000712c00000, 0x0000000712c00000|100%| E|CS|TAMS 0x0000000712b00000, 0x0000000712b00000| Complete 
| 252|0x0000000712c00000, 0x0000000712d00000, 0x0000000712d00000|100%| E|CS|TAMS 0x0000000712c00000, 0x0000000712c00000| Complete 
| 253|0x0000000712d00000, 0x0000000712e00000, 0x0000000712e00000|100%| E|CS|TAMS 0x0000000712d00000, 0x0000000712d00000| Complete 

Card table byte_map: [0x000001d3d3940000,0x000001d3d4130000] _byte_map_base: 0x000001d3d0128000

Marking Bits (Prev, Next): (CMBitMap*) 0x000001d3b969d048, (CMBitMap*) 0x000001d3b969d080
 Prev Bits: [0x000001d3d4920000, 0x000001d3d8860000)
 Next Bits: [0x000001d3d8860000, 0x000001d3dc7a0000)

Polling page: 0x000001d3baf60000

Metaspace:

Usage:
  Non-class:     15.38 MB capacity,    15.11 MB ( 98%) used,   230.88 KB (  1%) free+waste,    45.69 KB ( <1%) overhead. 
      Class:      1.96 MB capacity,     1.79 MB ( 92%) used,   143.76 KB (  7%) free+waste,    23.50 KB (  1%) overhead. 
       Both:     17.34 MB capacity,    16.90 MB ( 98%) used,   374.64 KB (  2%) free+waste,    69.19 KB ( <1%) overhead. 

Virtual space:
  Non-class space:       16.00 MB reserved,      15.50 MB ( 97%) committed 
      Class space:        1.00 GB reserved,       2.00 MB ( <1%) committed 
             Both:        1.02 GB reserved,      17.50 MB (  2%) committed 

Chunk freelists:
   Non-Class:  7.38 KB
       Class:  1.38 KB
        Both:  8.75 KB

CodeHeap 'non-profiled nmethods': size=120000Kb used=1278Kb max_used=1278Kb free=118721Kb
 bounds [0x000001d3cb1c0000, 0x000001d3cb430000, 0x000001d3d26f0000]
CodeHeap 'profiled nmethods': size=120000Kb used=4257Kb max_used=4257Kb free=115742Kb
 bounds [0x000001d3c3c90000, 0x000001d3c40c0000, 0x000001d3cb1c0000]
CodeHeap 'non-nmethods': size=5760Kb used=1223Kb max_used=1280Kb free=4536Kb
 bounds [0x000001d3c36f0000, 0x000001d3c3960000, 0x000001d3c3c90000]
 total_blobs=3257 nmethods=2078 adapters=499
 compilation: enabled
              stopped_count=0, restarted_count=0
 full_count=0

Compilation events (10 events):
Event: 21208.517 Thread 0x000001d3dfc70000 nmethod 2075 0x000001d3c40b0990 code [0x000001d3c40b0c60, 0x000001d3c40b1ef0]
Event: 21208.518 Thread 0x000001d3dfc70000 2074       3       sun.swing.ImageCache::getEntry (148 bytes)
Event: 21208.525 Thread 0x000001d3dfc70000 nmethod 2074 0x000001d3c40b2890 code [0x000001d3c40b2be0, 0x000001d3c40b4020]
Event: 21209.071 Thread 0x000001d3dfc70000 2076   !   3       java.awt.Frame::getExtendedState (19 bytes)
Event: 21209.073 Thread 0x000001d3dfc70000 nmethod 2076 0x000001d3c40b4790 code [0x000001d3c40b4940, 0x000001d3c40b4cf8]
Event: 21209.281 Thread 0x000001d3dfc70000 2077   !   3       javax.swing.RepaintManager::addDirtyRegion0 (205 bytes)
Event: 21209.293 Thread 0x000001d3dfc70000 nmethod 2077 0x000001d3c40b4e10 code [0x000001d3c40b5140, 0x000001d3c40b6eb0]
Event: 21215.217 Thread 0x000001d3dfc70000 2078  s    3       sun.java2d.loops.GraphicsPrimitiveMgr::locatePrim (95 bytes)
Event: 21215.221 Thread 0x000001d3dfc70000 nmethod 2078 0x000001d3c40b7590 code [0x000001d3c40b77c0, 0x000001d3c40b8250]
Event: 21229.006 Thread 0x000001d3dfc6a800 2079  s    4       javax.swing.RepaintManager::extendDirtyRegion (36 bytes)

GC Heap History (4 events):
Event: 579.902 GC heap before
{Heap before GC invocations=0 (full 0):
 garbage-first heap   total 260096K, used 32768K [0x0000000703000000, 0x0000000800000000)
  region size 1024K, 24 young (24576K), 0 survivors (0K)
 Metaspace       used 17281K, capacity 17683K, committed 17920K, reserved 1064960K
  class space    used 1835K, capacity 2004K, committed 2048K, reserved 1048576K
}
Event: 579.907 GC heap after
{Heap after GC invocations=1 (full 0):
 garbage-first heap   total 260096K, used 11052K [0x0000000703000000, 0x0000000800000000)
  region size 1024K, 3 young (3072K), 3 survivors (3072K)
 Metaspace       used 17281K, capacity 17683K, committed 17920K, reserved 1064960K
  class space    used 1835K, capacity 2004K, committed 2048K, reserved 1048576K
}
Event: 5769.572 GC heap before
{Heap before GC invocations=1 (full 0):
 garbage-first heap   total 260096K, used 163628K [0x0000000703000000, 0x0000000800000000)
  region size 1024K, 152 young (155648K), 3 survivors (3072K)
 Metaspace       used 17301K, capacity 17754K, committed 17920K, reserved 1064960K
  class space    used 1835K, capacity 2005K, committed 2048K, reserved 1048576K
}
Event: 5769.615 GC heap after
{Heap after GC invocations=2 (full 0):
 garbage-first heap   total 260096K, used 11248K [0x0000000703000000, 0x0000000800000000)
  region size 1024K, 3 young (3072K), 3 survivors (3072K)
 Metaspace       used 17301K, capacity 17754K, committed 17920K, reserved 1064960K
  class space    used 1835K, capacity 2005K, committed 2048K, reserved 1048576K
}

Deoptimization events (10 events):
Event: 1381.761 Thread 0x000001d3e02bb800 Uncommon trap: reason=class_check action=maybe_recompile pc=0x000001d3cb208ed8 method=java.util.HashMap.putVal(ILjava/lang/Object;Ljava/lang/Object;ZZ)Ljava/lang/Object; @ 91 c2
Event: 3595.744 Thread 0x000001d3e1f16000 Uncommon trap: reason=unstable_if action=reinterpret pc=0x000001d3cb2cdf6c method=java.util.concurrent.locks.AbstractQueuedSynchronizer$ConditionObject.signal()V @ 24 c2
Event: 5769.615 Thread 0x000001d3e1f16000 Uncommon trap: reason=unstable_if action=reinterpret pc=0x000001d3cb2e287c method=javax.swing.Timer.post()V @ 9 c2
Event: 10291.394 Thread 0x000001d3e02bb800 Uncommon trap: reason=unstable_if action=reinterpret pc=0x000001d3cb2992a8 method=java.awt.EventQueue.getPriority(Ljava/awt/AWTEvent;)I @ 71 c2
Event: 10291.459 Thread 0x000001d3e02bb800 Uncommon trap: reason=unstable_if action=reinterpret pc=0x000001d3cb2b7f0c method=java.awt.EventQueue.coalesceEvent(Ljava/awt/AWTEvent;I)Z @ 56 c2
Event: 10291.597 Thread 0x000001d3e02bb800 Uncommon trap: reason=unstable_if action=reinterpret pc=0x000001d3cb2c4c84 method=javax.swing.RepaintManager.scheduleHeavyWeightPaints()V @ 13 c2
Event: 10291.718 Thread 0x000001d3e02bb800 Uncommon trap: reason=unstable_if action=reinterpret pc=0x000001d3cb2b3d7c method=java.util.IdentityHashMap.keySet()Ljava/util/Set; @ 6 c2
Event: 10292.501 Thread 0x000001d3e02bb800 Uncommon trap: reason=unstable_if action=reinterpret pc=0x000001d3cb287dcc method=java.lang.ref.SoftReference.get()Ljava/lang/Object; @ 17 c2
Event: 21179.911 Thread 0x000001d3e02bb800 Uncommon trap: reason=unstable_if action=reinterpret pc=0x000001d3cb2e8f5c method=javax.swing.RepaintManager.paintDirtyRegions(Ljava/util/Map;)V @ 6 c2
Event: 21208.508 Thread 0x000001d3e02bb800 Uncommon trap: reason=unstable_if action=reinterpret pc=0x000001d3cb2a97c0 method=java.awt.EventQueue.getPriority(Ljava/awt/AWTEvent;)I @ 71 c2

Classes redefined (0 events):
No events

Internal exceptions (10 events):
Event: 1.328 Thread 0x000001d3e02bb800 Exception <a 'java/lang/NoSuchMethodError'{0x000000071264a278}: java.lang.invoke.DirectMethodHandle$Holder.invokeStatic(Ljava/lang/Object;Ljava/lang/Object;Ljava/lang/Object;Ljava/lang/Object;Ljava/lang/Object;Ljava/lang/Object;Ljava/lang/Object;Ljava/lan
Event: 1.337 Thread 0x000001d3e02bb800 Exception <a 'java/lang/NoSuchMethodError'{0x0000000712669000}: java.lang.invoke.DirectMethodHandle$Holder.invokeStatic(Ljava/lang/Object;Ljava/lang/Object;Ljava/lang/Object;Ljava/lang/Object;Ljava/lang/Object;Ljava/lang/Object;Ljava/lang/Object;Ljava/lan
Event: 1.343 Thread 0x000001d3e02bb800 Exception <a 'java/lang/NoSuchMethodError'{0x0000000712689af8}: java.lang.invoke.DirectMethodHandle$Holder.invokeStatic(Ljava/lang/Object;Ljava/lang/Object;Ljava/lang/Object;Ljava/lang/Object;Ljava/lang/Object;Ljava/lang/Object;Ljava/lang/Object;Ljava/lan
Event: 1.381 Thread 0x000001d3e02bb800 Exception <a 'java/lang/NoSuchMethodError'{0x0000000712505d30}: java.lang.invoke.DirectMethodHandle$Holder.invokeStatic(Ljava/lang/Object;Ljava/lang/Object;Ljava/lang/Object;Ljava/lang/Object;Ljava/lang/Object;Ljava/lang/Object;Ljava/lang/Object;Ljava/lan
Event: 1.383 Thread 0x000001d3e02bb800 Exception <a 'java/lang/NoSuchMethodError'{0x0000000712512478}: java.lang.invoke.DirectMethodHandle$Holder.invokeStatic(Ljava/lang/Object;Ljava/lang/Object;Ljava/lang/Object;Ljava/lang/Object;Ljava/lang/Object;Ljava/lang/Object;Ljava/lang/Object;Ljava/lan
Event: 1.431 Thread 0x000001d3e02bb800 Exception <a 'java/lang/ClassNotFoundException'{0x000000071256dc50}: com/sun/java/swing/plaf/windows/resources/spi/windowsProvider> (0x000000071256dc50) thrown at [t:/workspace/open/src/hotspot/share/classfile/systemDictionary.cpp, line 231]
Event: 1.434 Thread 0x000001d3e02bb800 Exception <a 'java/lang/ClassNotFoundException'{0x00000007125737c8}: com/sun/swing/internal/plaf/basic/resources/spi/basicProvider> (0x00000007125737c8) thrown at [t:/workspace/open/src/hotspot/share/classfile/systemDictionary.cpp, line 231]
Event: 2.590 Thread 0x000001d3e02bb800 Exception <a 'java/lang/NoSuchMethodError'{0x0000000712345b20}: java.lang.invoke.Invokers$Holder.linkToTargetMethod(Ljava/lang/Object;ILjava/lang/Object;)Ljava/lang/Object;> (0x0000000712345b20) thrown at [t:/workspace/open/src/hotspot/share/interpreter/l
Event: 6.404 Thread 0x000001d3e0443800 Exception <a 'java/io/FileNotFoundException'{0x00000007122f6620}> (0x00000007122f6620) thrown at [t:/workspace/open/src/hotspot/share/prims/jni.cpp, line 615]
Event: 3595.726 Thread 0x000001d3e1f16000 Implicit null exception at 0x000001d3cb2cce6a to 0x000001d3cb2cdf4e

Events (10 events):
Event: 10299.903 loading class java/awt/desktop/SystemSleepListener
Event: 10299.905 loading class java/awt/desktop/SystemEventListener
Event: 10299.905 loading class java/awt/desktop/SystemEventListener done
Event: 10299.934 loading class java/awt/desktop/SystemSleepListener done
Event: 21179.911 Thread 0x000001d3e02bb800 Uncommon trap: trap_request=0xffffff4d fr.pc=0x000001d3cb2e8f5c relative=0x000000000000191c
Event: 21179.911 Thread 0x000001d3e02bb800 DEOPT PACKING pc=0x000001d3cb2e8f5c sp=0x0000009f1c4fd960
Event: 21179.911 Thread 0x000001d3e02bb800 DEOPT UNPACKING pc=0x000001d3c37191af sp=0x0000009f1c4fd8b8 mode 2
Event: 21208.508 Thread 0x000001d3e02bb800 Uncommon trap: trap_request=0xffffff4d fr.pc=0x000001d3cb2a97c0 relative=0x0000000000006e80
Event: 21208.508 Thread 0x000001d3e02bb800 DEOPT PACKING pc=0x000001d3cb2a97c0 sp=0x0000009f1c4fd8c0
Event: 21208.508 Thread 0x000001d3e02bb800 DEOPT UNPACKING pc=0x000001d3c37191af sp=0x0000009f1c4fd5a0 mode 2


Dynamic libraries:
0x00007ff73fcd0000 - 0x00007ff73fd17000 	C:\Program Files\Java\jdk-11.0.2\bin\java.exe
0x00007ff8352d0000 - 0x00007ff8354bd000 	C:\WINDOWS\SYSTEM32\ntdll.dll
0x00007ff832ef0000 - 0x00007ff832fa3000 	C:\WINDOWS\System32\KERNEL32.DLL
0x00007ff8321f0000 - 0x00007ff832483000 	C:\WINDOWS\System32\KERNELBASE.dll
0x00007ff832a80000 - 0x00007ff832b23000 	C:\WINDOWS\System32\ADVAPI32.dll
0x00007ff8335d0000 - 0x00007ff83366e000 	C:\WINDOWS\System32\msvcrt.dll
0x00007ff835200000 - 0x00007ff83529e000 	C:\WINDOWS\System32\sechost.dll
0x00007ff834df0000 - 0x00007ff834f12000 	C:\WINDOWS\System32\RPCRT4.dll
0x00007ff832d50000 - 0x00007ff832ee7000 	C:\WINDOWS\System32\USER32.dll
0x00007ff831660000 - 0x00007ff831680000 	C:\WINDOWS\System32\win32u.dll
0x00007ff8324f0000 - 0x00007ff832519000 	C:\WINDOWS\System32\GDI32.dll
0x00007ff831fb0000 - 0x00007ff832149000 	C:\WINDOWS\System32\gdi32full.dll
0x00007ff831590000 - 0x00007ff831630000 	C:\WINDOWS\System32\msvcp_win.dll
0x00007ff8313e0000 - 0x00007ff8314da000 	C:\WINDOWS\System32\ucrtbase.dll
0x00007ff826290000 - 0x00007ff826509000 	C:\WINDOWS\WinSxS\amd64_microsoft.windows.common-controls_6595b64144ccf1df_6.0.17763.1098_none_de762ed45346ee8a\COMCTL32.dll
0x00007ff82aa70000 - 0x00007ff82aa7a000 	C:\WINDOWS\SYSTEM32\VERSION.dll
0x00007ff833120000 - 0x00007ff83344c000 	C:\WINDOWS\System32\combase.dll
0x00007ff832170000 - 0x00007ff8321ee000 	C:\WINDOWS\System32\bcryptPrimitives.dll
0x00007ff834d30000 - 0x00007ff834d5e000 	C:\WINDOWS\System32\IMM32.DLL
0x00007ff82bb70000 - 0x00007ff82bc22000 	C:\Program Files\McAfee\Endpoint Security\Threat Prevention\Ips\EpMPApi.dll
0x00007ff832490000 - 0x00007ff8324e9000 	C:\WINDOWS\System32\WINTRUST.dll
0x00007ff831370000 - 0x00007ff831382000 	C:\WINDOWS\System32\MSASN1.dll
0x00007ff831680000 - 0x00007ff83185c000 	C:\WINDOWS\System32\CRYPT32.dll
0x000000006fa30000 - 0x000000006fa3c000 	C:\Program Files\McAfee\Endpoint Security\Threat Prevention\Ips\EpMPThe.dll
0x00007ff81e7e0000 - 0x00007ff81e816000 	C:\Program Files\McAfee\Endpoint Security\Threat Prevention\Ips\HIPHandlers64.dll
0x00007ff8334b0000 - 0x00007ff833502000 	C:\WINDOWS\System32\SHLWAPI.dll
0x00007ff82a190000 - 0x00007ff82a1a6000 	C:\Program Files\Java\jdk-11.0.2\bin\vcruntime140.dll
0x00007ff804480000 - 0x00007ff80452a000 	C:\Program Files\Java\jdk-11.0.2\bin\msvcp140.dll
0x00007fffa48e0000 - 0x00007fffa5407000 	C:\Program Files\Java\jdk-11.0.2\bin\server\jvm.dll
0x00007ff8329a0000 - 0x00007ff8329a8000 	C:\WINDOWS\System32\PSAPI.DLL
0x00007ff82a3a0000 - 0x00007ff82a3a9000 	C:\WINDOWS\SYSTEM32\WSOCK32.dll
0x00007ff832c60000 - 0x00007ff832ccd000 	C:\WINDOWS\System32\WS2_32.dll
0x00007ff82a510000 - 0x00007ff82a534000 	C:\WINDOWS\SYSTEM32\WINMM.dll
0x00007ff82a4a0000 - 0x00007ff82a4cd000 	C:\WINDOWS\SYSTEM32\winmmbase.dll
0x00007ff831390000 - 0x00007ff8313da000 	C:\WINDOWS\System32\cfgmgr32.dll
0x00007ff8312f0000 - 0x00007ff831301000 	C:\WINDOWS\System32\kernel.appcore.dll
0x00007ff826a90000 - 0x00007ff826aa1000 	C:\Program Files\Java\jdk-11.0.2\bin\verify.dll
0x00007ff82f9c0000 - 0x00007ff82fbad000 	C:\WINDOWS\SYSTEM32\DBGHELP.DLL
0x00007ff829c80000 - 0x00007ff829caa000 	C:\WINDOWS\SYSTEM32\dbgcore.DLL
0x00007ff824050000 - 0x00007ff824079000 	C:\Program Files\Java\jdk-11.0.2\bin\java.dll
0x00007ff80b6c0000 - 0x00007ff80b6ef000 	C:\Program Files\Java\jdk-11.0.2\bin\instrument.dll
0x00007ff826a70000 - 0x00007ff826a86000 	C:\Program Files\Java\jdk-11.0.2\bin\zip.dll
0x00007ff82e480000 - 0x00007ff82e48a000 	C:\Program Files\Java\jdk-11.0.2\bin\jimage.dll
0x00007ff8337d0000 - 0x00007ff834cc4000 	C:\WINDOWS\System32\SHELL32.dll
0x00007ff8329b0000 - 0x00007ff832a58000 	C:\WINDOWS\System32\shcore.dll
0x00007ff831860000 - 0x00007ff831fad000 	C:\WINDOWS\System32\windows.storage.dll
0x00007ff8312c0000 - 0x00007ff8312e4000 	C:\WINDOWS\System32\profapi.dll
0x00007ff831310000 - 0x00007ff83136d000 	C:\WINDOWS\System32\powrprof.dll
0x00007ff832150000 - 0x00007ff832167000 	C:\WINDOWS\System32\cryptsp.dll
0x00007ff826930000 - 0x00007ff826949000 	C:\Program Files\Java\jdk-11.0.2\bin\net.dll
0x00007ff826df0000 - 0x00007ff826fc7000 	C:\WINDOWS\SYSTEM32\urlmon.dll
0x00007ff826510000 - 0x00007ff8267b8000 	C:\WINDOWS\SYSTEM32\iertutil.dll
0x00007ff82e7d0000 - 0x00007ff82e8c2000 	C:\WINDOWS\SYSTEM32\WINHTTP.dll
0x00007ff830c00000 - 0x00007ff830c0c000 	C:\WINDOWS\SYSTEM32\CRYPTBASE.DLL
0x00007ff830a80000 - 0x00007ff830ae7000 	C:\WINDOWS\system32\mswsock.dll
0x00007ff81f1b0000 - 0x00007ff81f1c3000 	C:\Program Files\Java\jdk-11.0.2\bin\nio.dll
0x00007ff810b50000 - 0x00007ff810b6a000 	C:\Program Files\JetBrains\IntelliJ IDEA 2018.2.4\bin\breakgen64.dll
0x00007fffd6510000 - 0x00007fffd66af000 	C:\Program Files\Java\jdk-11.0.2\bin\awt.dll
0x00007ff834f80000 - 0x00007ff835044000 	C:\WINDOWS\System32\OLEAUT32.dll
0x00007ff8247f0000 - 0x00007ff824dae000 	C:\WINDOWS\SYSTEM32\d2d1.dll
0x00007ff8257e0000 - 0x00007ff82586c000 	C:\WINDOWS\SYSTEM32\apphelp.dll
0x00007ff82f230000 - 0x00007ff82f2cc000 	C:\WINDOWS\system32\uxtheme.dll
0x00007ff832fb0000 - 0x00007ff83311b000 	C:\WINDOWS\System32\MSCTF.dll
0x00007ff82f330000 - 0x00007ff82f35e000 	C:\WINDOWS\system32\dwmapi.dll
0x00007ff833670000 - 0x00007ff8337c5000 	C:\WINDOWS\System32\ole32.dll
0x00007ffff7830000 - 0x00007ffff7957000 	C:\WINDOWS\system32\opengl32.dll
0x00007ffff7270000 - 0x00007ffff729c000 	C:\WINDOWS\SYSTEM32\GLU32.dll
0x00007fffd7840000 - 0x00007fffd78c0000 	C:\Program Files\Java\jdk-11.0.2\bin\freetype.dll
0x00007ff809540000 - 0x00007ff8095af000 	C:\Program Files\Java\jdk-11.0.2\bin\fontmanager.dll
0x00007ff833520000 - 0x00007ff8335c2000 	C:\WINDOWS\System32\clbcatq.dll
0x00007ff82eeb0000 - 0x00007ff82f068000 	C:\WINDOWS\SYSTEM32\WindowsCodecs.dll
0x00007ffff6fa0000 - 0x00007ffff6ff6000 	C:\WINDOWS\system32\dataexchange.dll
0x00007ff82cec0000 - 0x00007ff82d13e000 	C:\WINDOWS\system32\d3d11.dll
0x00007ff824db0000 - 0x00007ff824f73000 	C:\WINDOWS\system32\dcomp.dll
0x00007ff82fd50000 - 0x00007ff82fe12000 	C:\WINDOWS\system32\dxgi.dll
0x00007ff82f410000 - 0x00007ff82f61d000 	C:\WINDOWS\system32\twinapi.appcore.dll
0x00007ff82f620000 - 0x00007ff82f648000 	C:\WINDOWS\system32\RMCLIENT.dll
0x00007ff81d360000 - 0x00007ff81d3f5000 	C:\WINDOWS\System32\TextInputFramework.dll
0x00007ff8242a0000 - 0x00007ff824382000 	C:\WINDOWS\System32\CoreMessaging.dll
0x00007ff823a00000 - 0x00007ff823d22000 	C:\WINDOWS\System32\CoreUIComponents.dll
0x00007ff82d140000 - 0x00007ff82d293000 	C:\WINDOWS\SYSTEM32\wintypes.dll
0x00007ff830060000 - 0x00007ff830091000 	C:\WINDOWS\SYSTEM32\ntmarta.dll
0x00007fffff410000 - 0x00007fffff47c000 	C:\WINDOWS\system32\Oleacc.dll

dbghelp: loaded successfully - version: 4.0.5 - missing functions: none
symbol engine: initialized successfully - sym options: 0x614 - pdb path: .;C:\Program Files\Java\jdk-11.0.2\bin;C:\WINDOWS\SYSTEM32;C:\WINDOWS\WinSxS\amd64_microsoft.windows.common-controls_6595b64144ccf1df_6.0.17763.1098_none_de762ed45346ee8a;C:\Program Files\McAfee\Endpoint Security\Threat Prevention\Ips;C:\Program Files\Java\jdk-11.0.2\bin\server;C:\Program Files\JetBrains\IntelliJ IDEA 2018.2.4\bin

VM Arguments:
jvm_args: -javaagent:C:\Program Files\JetBrains\IntelliJ IDEA 2018.2.4\lib\idea_rt.jar=58838:C:\Program Files\JetBrains\IntelliJ IDEA 2018.2.4\bin -Dfile.encoding=UTF-8 
java_command: com.muc.GUI
java_class_path (initial): C:\Users\d073453\Documents\01-DHBW\TP4\Verteilte Systeme\chat_app\out\production\ChatClient
Launcher Type: SUN_STANDARD

[Global flags]
     intx CICompilerCount                          = 4                                         {product} {ergonomic}
     uint ConcGCThreads                            = 2                                         {product} {ergonomic}
     uint G1ConcRefinementThreads                  = 8                                         {product} {ergonomic}
   size_t G1HeapRegionSize                         = 1048576                                   {product} {ergonomic}
    uintx GCDrainStackTargetSize                   = 64                                        {product} {ergonomic}
   size_t InitialHeapSize                          = 266338304                                 {product} {ergonomic}
   size_t MarkStackSize                            = 4194304                                   {product} {ergonomic}
   size_t MaxHeapSize                              = 4244635648                                {product} {ergonomic}
   size_t MaxNewSize                               = 2545942528                                {product} {ergonomic}
   size_t MinHeapDeltaBytes                        = 1048576                                   {product} {ergonomic}
    uintx NonNMethodCodeHeapSize                   = 5835340                                {pd product} {ergonomic}
    uintx NonProfiledCodeHeapSize                  = 122911450                              {pd product} {ergonomic}
    uintx ProfiledCodeHeapSize                     = 122911450                              {pd product} {ergonomic}
    uintx ReservedCodeCacheSize                    = 251658240                              {pd product} {ergonomic}
     bool SegmentedCodeCache                       = true                                      {product} {ergonomic}
     bool UseCompressedClassPointers               = true                                 {lp64_product} {ergonomic}
     bool UseCompressedOops                        = true                                 {lp64_product} {ergonomic}
     bool UseG1GC                                  = true                                      {product} {ergonomic}
     bool UseLargePagesIndividualAllocation        = false                                  {pd product} {ergonomic}

Logging:
Log output configuration:
 #0: stdout all=warning uptime,level,tags
 #1: stderr all=off uptime,level,tags

Environment Variables:
JAVA_HOME=C:\Program Files\Java\jdk1.8.0_181
PATH=C:\Python27\;C:\Python27\Scripts;C:\Perl64\site\bin;C:\Perl64\bin;C:\ProgramData\DockerDesktop\version-bin;C:\Program Files\Docker\Docker\Resources\bin;C:\Program Files (x86)\Common Files\Oracle\Java\javapath;C:\WINDOWS\system32;C:\WINDOWS;C:\WINDOWS\System32\Wbem;C:\WINDOWS\System32\WindowsPowerShell\v1.0\;C:\Program Files\Git\cmd;C:\Program Files\Git\mingw64\bin;C:\Program Files\Git\usr\bin;C:\Users\d073453\Downloads\MavenEntzippt\apache-maven-3.5.4\bin;C:\Users\d073453\AppData\Roaming\Cloud Foundry;C:\WINDOWS\System32\OpenSSH\;C:\bin;C:\xampp\php;C:\composer;C:\Program Files\PostgreSQL\12\bin;C:\Users\d073453\Documents\01-DHBW\TP3\DB2\Redis\redis-stable;C:\Program Files\Perforce\;C:\Program Files\Microsoft SQL Server\130\Tools\Binn\;C:\Program Files\PuTTY\;C:\Program Files\nodejs\;C:\ProgramData\chocolatey\bin;C:\Users\d073453\AppData\Local\Continuum\anaconda3;C:\Users\d073453\AppData\Local\Continuum\anaconda3\Library\mingw-w64\bin;C:\Users\d073453\AppData\Local\Continuum\anaconda3\Library\usr\bin;C:\Users\d073453\AppData\Local\Continuum\anaconda3\Library\bin;C:\Users\d073453\AppData\Local\Continuum\anaconda3\Scripts;C:\Users\d073453\AppData\Local\Programs\Python\Python36\Scripts\;C:\Users\d073453\AppData\Local\Programs\Python\Python36\;C:\Program Files (x86)\Common Files\Oracle\Java\javapath;C:\WINDOWS\system32;C:\WINDOWS;C:\WINDOWS\System32\Wbem;C:\WINDOWS\System32\WindowsPowerShell\v1.0\;C:\Program Files\Git\cmd;C:\Program Files\Git\mingw64\bin;C:\Program Files\Git\usr\bin;C:\Users\d073453\Downloads\MavenEntzippt\apache-maven-3.5.4\bin;C:\Program Files\PuTTY\;C:\Users\d073453\AppData\Local\Microsoft\WindowsApps;C:\Users\d073453\AppData\Local\atom\bin;PATH_TO_ANACONDA;PATH_TO_PYTHON;C:\Users\d073453\AppData\Local\GitHubDesktop\bin;C:\Users\d073453\AppData\Local\Programs\MiKTeX 2.9\miktex\bin\x64\;C:\Users\d073453\AppData\Local\Microsoft\WindowsApps;C:\Users\d073453\AppData\Local\Programs\Microsoft VS Code\bin;C:\Grandle\gradle-5.6.2\bin;C:\Users\d073453\AppDa
USERNAME=D073453
OS=Windows_NT
PROCESSOR_IDENTIFIER=Intel64 Family 6 Model 142 Stepping 10, GenuineIntel



---------------  S Y S T E M  ---------------

OS: Windows 10 , 64 bit Build 17763 (10.0.17763.475)

CPU:total 8 (initial active 8) (4 cores per cpu, 2 threads per core) family 6 model 142 stepping 10, cmov, cx8, fxsr, mmx, sse, sse2, sse3, ssse3, sse4.1, sse4.2, popcnt, avx, avx2, aes, clmul, erms, rtm, 3dnowpref, lzcnt, ht, tsc, tscinvbit, bmi1, bmi2, adx, fma

Memory: 4k page, system-wide physical 16190M (635M free)
TotalPageFile size 65342M (AvailPageFile size 0M)
current process WorkingSet (physical memory assigned to process): 29M, peak: 181M
current process commit charge ("private bytes"): 360M, peak: 396M

vm_info: Java HotSpot(TM) 64-Bit Server VM (11.0.2+9-LTS) for windows-amd64 JRE (11.0.2+9-LTS), built on Jan 18 2019 05:24:10 by "mach5one" with MS VC++ 15.5 (VS2017)

END.
